{"/Users/sandeepsabu/galvanize/q2/week5/q2_project/QuakeBook/knex.js":{"path":"/Users/sandeepsabu/galvanize/q2/week5/q2_project/QuakeBook/knex.js","s":{"1":1,"2":1,"3":1,"4":1},"b":{"1":[1,0]},"f":{},"fnMap":{},"statementMap":{"1":{"start":{"line":3,"column":0},"end":{"line":3,"column":58}},"2":{"start":{"line":4,"column":0},"end":{"line":4,"column":54}},"3":{"start":{"line":5,"column":0},"end":{"line":5,"column":41}},"4":{"start":{"line":7,"column":0},"end":{"line":7,"column":22}}},"branchMap":{"1":{"line":3,"type":"binary-expr","locations":[{"start":{"line":3,"column":20},"end":{"line":3,"column":40}},{"start":{"line":3,"column":44},"end":{"line":3,"column":57}}]}}},"/Users/sandeepsabu/galvanize/q2/week5/q2_project/QuakeBook/knexfile.js":{"path":"/Users/sandeepsabu/galvanize/q2/week5/q2_project/QuakeBook/knexfile.js","s":{"1":1},"b":{},"f":{},"fnMap":{},"statementMap":{"1":{"start":{"line":3,"column":0},"end":{"line":35,"column":2}}},"branchMap":{}},"/Users/sandeepsabu/galvanize/q2/week5/q2_project/QuakeBook/controllers/earthquake_repository.js":{"path":"/Users/sandeepsabu/galvanize/q2/week5/q2_project/QuakeBook/controllers/earthquake_repository.js","s":{"1":1,"2":3,"3":2,"4":3,"5":1},"b":{},"f":{"1":3,"2":2,"3":3},"fnMap":{"1":{"name":"(anonymous_1)","line":7,"loc":{"start":{"line":7,"column":16},"end":{"line":7,"column":20}}},"2":{"name":"(anonymous_2)","line":14,"loc":{"start":{"line":14,"column":15},"end":{"line":14,"column":28}}},"3":{"name":"(anonymous_3)","line":21,"loc":{"start":{"line":21,"column":11},"end":{"line":21,"column":15}}}},"statementMap":{"1":{"start":{"line":1,"column":0},"end":{"line":1,"column":35}},"2":{"start":{"line":8,"column":4},"end":{"line":8,"column":53}},"3":{"start":{"line":15,"column":4},"end":{"line":15,"column":55}},"4":{"start":{"line":22,"column":4},"end":{"line":22,"column":110}},"5":{"start":{"line":28,"column":0},"end":{"line":28,"column":28}}},"branchMap":{}},"/Users/sandeepsabu/galvanize/q2/week5/q2_project/QuakeBook/server.js":{"path":"/Users/sandeepsabu/galvanize/q2/week5/q2_project/QuakeBook/server.js","s":{"1":1,"2":1,"3":1,"4":1,"5":1,"6":1,"7":1,"8":1,"9":1,"10":1,"11":1,"12":1,"13":1,"14":1,"15":1,"16":1,"17":1,"18":1,"19":0,"20":1,"21":1,"22":1},"b":{"1":[1,0],"2":[1,1]},"f":{},"fnMap":{},"statementMap":{"1":{"start":{"line":1,"column":0},"end":{"line":3,"column":1}},"2":{"start":{"line":2,"column":2},"end":{"line":2,"column":29}},"3":{"start":{"line":5,"column":0},"end":{"line":5,"column":39}},"4":{"start":{"line":6,"column":0},"end":{"line":6,"column":30}},"5":{"start":{"line":7,"column":0},"end":{"line":7,"column":43}},"6":{"start":{"line":8,"column":0},"end":{"line":8,"column":51}},"7":{"start":{"line":9,"column":0},"end":{"line":9,"column":52}},"8":{"start":{"line":10,"column":0},"end":{"line":10,"column":45}},"9":{"start":{"line":11,"column":0},"end":{"line":11,"column":48}},"10":{"start":{"line":12,"column":0},"end":{"line":12,"column":47}},"11":{"start":{"line":14,"column":0},"end":{"line":14,"column":38}},"12":{"start":{"line":16,"column":0},"end":{"line":16,"column":27}},"13":{"start":{"line":17,"column":0},"end":{"line":17,"column":24}},"14":{"start":{"line":19,"column":0},"end":{"line":19,"column":35}},"15":{"start":{"line":20,"column":0},"end":{"line":20,"column":37}},"16":{"start":{"line":21,"column":0},"end":{"line":21,"column":23}},"17":{"start":{"line":22,"column":0},"end":{"line":22,"column":29}},"18":{"start":{"line":24,"column":0},"end":{"line":26,"column":3}},"19":{"start":{"line":25,"column":2},"end":{"line":25,"column":22}},"20":{"start":{"line":28,"column":0},"end":{"line":30,"column":3}},"21":{"start":{"line":29,"column":4},"end":{"line":29,"column":43}},"22":{"start":{"line":32,"column":0},"end":{"line":32,"column":21}}},"branchMap":{"1":{"line":1,"type":"if","locations":[{"start":{"line":1,"column":0},"end":{"line":1,"column":0}},{"start":{"line":1,"column":0},"end":{"line":1,"column":0}}]},"2":{"line":14,"type":"binary-expr","locations":[{"start":{"line":14,"column":13},"end":{"line":14,"column":29}},{"start":{"line":14,"column":33},"end":{"line":14,"column":37}}]}}},"/Users/sandeepsabu/galvanize/q2/week5/q2_project/QuakeBook/routes/earthquake.js":{"path":"/Users/sandeepsabu/galvanize/q2/week5/q2_project/QuakeBook/routes/earthquake.js","s":{"1":1,"2":1,"3":1,"4":1,"5":1,"6":2,"7":2,"8":2,"9":2,"10":2,"11":1,"12":1,"13":1,"14":1,"15":0,"16":1,"17":2,"18":2,"19":2,"20":2,"21":2,"22":1,"23":1,"24":1,"25":1,"26":0,"27":1,"28":2,"29":2,"30":1,"31":1,"32":1,"33":1,"34":1,"35":1,"36":1,"37":1,"38":0,"39":1},"b":{"1":[1,1],"2":[2,2],"3":[1,1],"4":[1,1],"5":[2,2,2,2,1,1,1,1,1,1]},"f":{},"fnMap":{},"statementMap":{"1":{"start":{"line":3,"column":0},"end":{"line":3,"column":38}},"2":{"start":{"line":4,"column":0},"end":{"line":4,"column":38}},"3":{"start":{"line":5,"column":0},"end":{"line":5,"column":68}},"4":{"start":{"line":6,"column":0},"end":{"line":6,"column":36}},"5":{"start":{"line":41,"column":0},"end":{"line":58,"column":3}},"6":{"start":{"line":42,"column":2},"end":{"line":42,"column":36}},"7":{"start":{"line":43,"column":2},"end":{"line":43,"column":25}},"8":{"start":{"line":44,"column":2},"end":{"line":44,"column":50}},"9":{"start":{"line":46,"column":2},"end":{"line":57,"column":7}},"10":{"start":{"line":48,"column":6},"end":{"line":51,"column":7}},"11":{"start":{"line":49,"column":8},"end":{"line":49,"column":28}},"12":{"start":{"line":50,"column":8},"end":{"line":50,"column":15}},"13":{"start":{"line":52,"column":6},"end":{"line":52,"column":56}},"14":{"start":{"line":53,"column":6},"end":{"line":53,"column":22}},"15":{"start":{"line":56,"column":6},"end":{"line":56,"column":32}},"16":{"start":{"line":102,"column":0},"end":{"line":119,"column":3}},"17":{"start":{"line":103,"column":2},"end":{"line":103,"column":36}},"18":{"start":{"line":104,"column":2},"end":{"line":104,"column":25}},"19":{"start":{"line":105,"column":2},"end":{"line":105,"column":55}},"20":{"start":{"line":106,"column":2},"end":{"line":118,"column":7}},"21":{"start":{"line":109,"column":6},"end":{"line":112,"column":7}},"22":{"start":{"line":110,"column":8},"end":{"line":110,"column":28}},"23":{"start":{"line":111,"column":8},"end":{"line":111,"column":15}},"24":{"start":{"line":113,"column":6},"end":{"line":113,"column":56}},"25":{"start":{"line":114,"column":6},"end":{"line":114,"column":27}},"26":{"start":{"line":117,"column":6},"end":{"line":117,"column":32}},"27":{"start":{"line":155,"column":0},"end":{"line":185,"column":3}},"28":{"start":{"line":157,"column":2},"end":{"line":157,"column":36}},"29":{"start":{"line":159,"column":2},"end":{"line":163,"column":3}},"30":{"start":{"line":160,"column":4},"end":{"line":160,"column":48}},"31":{"start":{"line":161,"column":4},"end":{"line":161,"column":59}},"32":{"start":{"line":162,"column":4},"end":{"line":162,"column":11}},"33":{"start":{"line":165,"column":2},"end":{"line":173,"column":42}},"34":{"start":{"line":175,"column":2},"end":{"line":175,"column":57}},"35":{"start":{"line":177,"column":2},"end":{"line":184,"column":7}},"36":{"start":{"line":179,"column":6},"end":{"line":179,"column":55}},"37":{"start":{"line":180,"column":6},"end":{"line":180,"column":41}},"38":{"start":{"line":183,"column":6},"end":{"line":183,"column":32}},"39":{"start":{"line":187,"column":0},"end":{"line":187,"column":24}}},"branchMap":{"1":{"line":48,"type":"if","locations":[{"start":{"line":48,"column":6},"end":{"line":48,"column":6}},{"start":{"line":48,"column":6},"end":{"line":48,"column":6}}]},"2":{"line":48,"type":"binary-expr","locations":[{"start":{"line":48,"column":9},"end":{"line":48,"column":15}},{"start":{"line":48,"column":19},"end":{"line":48,"column":35}}]},"3":{"line":109,"type":"if","locations":[{"start":{"line":109,"column":6},"end":{"line":109,"column":6}},{"start":{"line":109,"column":6},"end":{"line":109,"column":6}}]},"4":{"line":159,"type":"if","locations":[{"start":{"line":159,"column":2},"end":{"line":159,"column":2}},{"start":{"line":159,"column":2},"end":{"line":159,"column":2}}]},"5":{"line":159,"type":"binary-expr","locations":[{"start":{"line":159,"column":5},"end":{"line":159,"column":25}},{"start":{"line":159,"column":29},"end":{"line":159,"column":59}},{"start":{"line":159,"column":63},"end":{"line":159,"column":93}},{"start":{"line":159,"column":97},"end":{"line":159,"column":130}},{"start":{"line":159,"column":134},"end":{"line":159,"column":159}},{"start":{"line":159,"column":163},"end":{"line":159,"column":190}},{"start":{"line":159,"column":193},"end":{"line":159,"column":221}},{"start":{"line":159,"column":225},"end":{"line":159,"column":257}},{"start":{"line":159,"column":261},"end":{"line":159,"column":295}},{"start":{"line":159,"column":298},"end":{"line":159,"column":328}}]}}},"/Users/sandeepsabu/galvanize/q2/week5/q2_project/QuakeBook/routes/earthquakes.js":{"path":"/Users/sandeepsabu/galvanize/q2/week5/q2_project/QuakeBook/routes/earthquakes.js","s":{"1":1,"2":1,"3":1,"4":1,"5":1,"6":1,"7":1,"8":1,"9":0,"10":0,"11":1,"12":1,"13":1,"14":1,"15":0,"16":1,"17":1,"18":1,"19":1,"20":2,"21":1,"22":0,"23":1,"24":3,"25":3,"26":3,"27":3,"28":3,"29":3,"30":3,"31":3,"32":3,"33":3,"34":3,"35":1},"b":{"1":[0,1]},"f":{"1":3},"fnMap":{"1":{"name":"shapeData","line":140,"loc":{"start":{"line":140,"column":0},"end":{"line":140,"column":28}}}},"statementMap":{"1":{"start":{"line":3,"column":0},"end":{"line":3,"column":35}},"2":{"start":{"line":4,"column":0},"end":{"line":4,"column":65}},"3":{"start":{"line":5,"column":0},"end":{"line":5,"column":33}},"4":{"start":{"line":50,"column":0},"end":{"line":61,"column":2}},"5":{"start":{"line":51,"column":2},"end":{"line":51,"column":24}},"6":{"start":{"line":52,"column":2},"end":{"line":60,"column":6}},"7":{"start":{"line":54,"column":6},"end":{"line":54,"column":35}},"8":{"start":{"line":55,"column":6},"end":{"line":55,"column":22}},"9":{"start":{"line":58,"column":6},"end":{"line":58,"column":23}},"10":{"start":{"line":59,"column":6},"end":{"line":59,"column":32}},"11":{"start":{"line":114,"column":0},"end":{"line":138,"column":2}},"12":{"start":{"line":115,"column":2},"end":{"line":115,"column":24}},"13":{"start":{"line":116,"column":2},"end":{"line":116,"column":29}},"14":{"start":{"line":118,"column":2},"end":{"line":120,"column":3}},"15":{"start":{"line":119,"column":4},"end":{"line":119,"column":27}},"16":{"start":{"line":122,"column":2},"end":{"line":122,"column":24}},"17":{"start":{"line":124,"column":2},"end":{"line":136,"column":6}},"18":{"start":{"line":126,"column":6},"end":{"line":126,"column":28}},"19":{"start":{"line":129,"column":6},"end":{"line":131,"column":7}},"20":{"start":{"line":130,"column":8},"end":{"line":130,"column":44}},"21":{"start":{"line":132,"column":6},"end":{"line":132,"column":29}},"22":{"start":{"line":135,"column":6},"end":{"line":135,"column":32}},"23":{"start":{"line":140,"column":0},"end":{"line":155,"column":1}},"24":{"start":{"line":142,"column":2},"end":{"line":142,"column":17}},"25":{"start":{"line":144,"column":2},"end":{"line":144,"column":43}},"26":{"start":{"line":145,"column":2},"end":{"line":145,"column":29}},"27":{"start":{"line":146,"column":2},"end":{"line":146,"column":46}},"28":{"start":{"line":147,"column":2},"end":{"line":147,"column":47}},"29":{"start":{"line":148,"column":2},"end":{"line":148,"column":48}},"30":{"start":{"line":149,"column":2},"end":{"line":149,"column":47}},"31":{"start":{"line":150,"column":2},"end":{"line":150,"column":42}},"32":{"start":{"line":151,"column":2},"end":{"line":151,"column":44}},"33":{"start":{"line":152,"column":2},"end":{"line":152,"column":50}},"34":{"start":{"line":154,"column":2},"end":{"line":154,"column":15}},"35":{"start":{"line":157,"column":0},"end":{"line":157,"column":24}}},"branchMap":{"1":{"line":118,"type":"if","locations":[{"start":{"line":118,"column":2},"end":{"line":118,"column":2}},{"start":{"line":118,"column":2},"end":{"line":118,"column":2}}]}}},"/Users/sandeepsabu/galvanize/q2/week5/q2_project/QuakeBook/controllers/earthquakes_repository.js":{"path":"/Users/sandeepsabu/galvanize/q2/week5/q2_project/QuakeBook/controllers/earthquakes_repository.js","s":{"1":1,"2":1,"3":1,"4":1,"5":1,"6":0,"7":1,"8":1,"9":7,"10":1,"11":1},"b":{},"f":{"1":1,"2":1},"fnMap":{"1":{"name":"(anonymous_1)","line":7,"loc":{"start":{"line":7,"column":21},"end":{"line":7,"column":25}}},"2":{"name":"(anonymous_2)","line":18,"loc":{"start":{"line":18,"column":30},"end":{"line":18,"column":43}}}},"statementMap":{"1":{"start":{"line":1,"column":0},"end":{"line":1,"column":36}},"2":{"start":{"line":2,"column":0},"end":{"line":2,"column":78}},"3":{"start":{"line":8,"column":4},"end":{"line":8,"column":19}},"4":{"start":{"line":9,"column":5},"end":{"line":15,"column":8}},"5":{"start":{"line":11,"column":8},"end":{"line":11,"column":30}},"6":{"start":{"line":14,"column":8},"end":{"line":14,"column":19}},"7":{"start":{"line":19,"column":4},"end":{"line":19,"column":25}},"8":{"start":{"line":22,"column":4},"end":{"line":24,"column":5}},"9":{"start":{"line":23,"column":6},"end":{"line":23,"column":49}},"10":{"start":{"line":26,"column":4},"end":{"line":26,"column":33}},"11":{"start":{"line":31,"column":0},"end":{"line":31,"column":39}}},"branchMap":{}},"/Users/sandeepsabu/galvanize/q2/week5/q2_project/QuakeBook/routes/user.js":{"path":"/Users/sandeepsabu/galvanize/q2/week5/q2_project/QuakeBook/routes/user.js","s":{"1":1,"2":1,"3":1,"4":1,"5":1,"6":2,"7":2,"8":2,"9":2,"10":2,"11":2,"12":1,"13":1,"14":1,"15":1,"16":0,"17":1,"18":2,"19":2,"20":2,"21":2,"22":2,"23":2,"24":1,"25":1,"26":1,"27":1,"28":0,"29":1},"b":{"1":[1,1],"2":[2,2],"3":[1,1]},"f":{},"fnMap":{},"statementMap":{"1":{"start":{"line":3,"column":0},"end":{"line":3,"column":38}},"2":{"start":{"line":4,"column":0},"end":{"line":4,"column":36}},"3":{"start":{"line":5,"column":0},"end":{"line":5,"column":38}},"4":{"start":{"line":6,"column":0},"end":{"line":6,"column":61}},"5":{"start":{"line":40,"column":0},"end":{"line":58,"column":3}},"6":{"start":{"line":41,"column":2},"end":{"line":41,"column":26}},"7":{"start":{"line":42,"column":2},"end":{"line":42,"column":24}},"8":{"start":{"line":43,"column":2},"end":{"line":43,"column":25}},"9":{"start":{"line":44,"column":2},"end":{"line":44,"column":46}},"10":{"start":{"line":46,"column":2},"end":{"line":57,"column":7}},"11":{"start":{"line":48,"column":6},"end":{"line":51,"column":7}},"12":{"start":{"line":49,"column":8},"end":{"line":49,"column":28}},"13":{"start":{"line":50,"column":8},"end":{"line":50,"column":15}},"14":{"start":{"line":52,"column":6},"end":{"line":52,"column":56}},"15":{"start":{"line":53,"column":6},"end":{"line":53,"column":22}},"16":{"start":{"line":56,"column":6},"end":{"line":56,"column":32}},"17":{"start":{"line":89,"column":0},"end":{"line":108,"column":2}},"18":{"start":{"line":91,"column":2},"end":{"line":91,"column":26}},"19":{"start":{"line":92,"column":2},"end":{"line":92,"column":24}},"20":{"start":{"line":93,"column":2},"end":{"line":93,"column":25}},"21":{"start":{"line":94,"column":2},"end":{"line":94,"column":43}},"22":{"start":{"line":96,"column":2},"end":{"line":107,"column":6}},"23":{"start":{"line":98,"column":6},"end":{"line":101,"column":7}},"24":{"start":{"line":99,"column":8},"end":{"line":99,"column":28}},"25":{"start":{"line":100,"column":8},"end":{"line":100,"column":15}},"26":{"start":{"line":102,"column":6},"end":{"line":102,"column":56}},"27":{"start":{"line":103,"column":6},"end":{"line":103,"column":21}},"28":{"start":{"line":106,"column":6},"end":{"line":106,"column":32}},"29":{"start":{"line":110,"column":0},"end":{"line":110,"column":24}}},"branchMap":{"1":{"line":48,"type":"if","locations":[{"start":{"line":48,"column":6},"end":{"line":48,"column":6}},{"start":{"line":48,"column":6},"end":{"line":48,"column":6}}]},"2":{"line":48,"type":"binary-expr","locations":[{"start":{"line":48,"column":10},"end":{"line":48,"column":16}},{"start":{"line":48,"column":20},"end":{"line":48,"column":38}}]},"3":{"line":98,"type":"if","locations":[{"start":{"line":98,"column":6},"end":{"line":98,"column":6}},{"start":{"line":98,"column":6},"end":{"line":98,"column":6}}]}}},"/Users/sandeepsabu/galvanize/q2/week5/q2_project/QuakeBook/controllers/user_repository.js":{"path":"/Users/sandeepsabu/galvanize/q2/week5/q2_project/QuakeBook/controllers/user_repository.js","s":{"1":1,"2":3,"3":3,"4":1},"b":{},"f":{"1":3,"2":3},"fnMap":{"1":{"name":"(anonymous_1)","line":8,"loc":{"start":{"line":8,"column":10},"end":{"line":8,"column":14}}},"2":{"name":"(anonymous_2)","line":14,"loc":{"start":{"line":14,"column":13},"end":{"line":14,"column":17}}}},"statementMap":{"1":{"start":{"line":1,"column":0},"end":{"line":1,"column":35}},"2":{"start":{"line":9,"column":4},"end":{"line":9,"column":83}},"3":{"start":{"line":15,"column":4},"end":{"line":15,"column":116}},"4":{"start":{"line":20,"column":0},"end":{"line":20,"column":22}}},"branchMap":{}},"/Users/sandeepsabu/galvanize/q2/week5/q2_project/QuakeBook/routes/profile.js":{"path":"/Users/sandeepsabu/galvanize/q2/week5/q2_project/QuakeBook/routes/profile.js","s":{"1":1,"2":1,"3":1,"4":1,"5":1,"6":1,"7":1,"8":1,"9":1,"10":24,"11":24,"12":24,"13":24,"14":24,"15":24,"16":0,"17":0,"18":0,"19":24,"20":24,"21":24,"22":0,"23":0,"24":0,"25":24,"26":24,"27":24,"28":24,"29":24,"30":24,"31":0,"32":0,"33":0,"34":1,"35":1,"36":1,"37":1,"38":1,"39":0,"40":0,"41":0,"42":1,"43":1,"44":0,"45":1,"46":2,"47":2,"48":1,"49":1,"50":1,"51":1,"52":1,"53":1,"54":1,"55":1,"56":0,"57":0,"58":0,"59":1,"60":0,"61":1,"62":2,"63":1,"64":1,"65":1,"66":1,"67":1,"68":0,"69":1,"70":1,"71":1,"72":0,"73":1,"74":1,"75":0,"76":1,"77":1,"78":1,"79":1,"80":0,"81":1,"82":1,"83":0,"84":0,"85":0,"86":1,"87":0,"88":1,"89":1,"90":1,"91":1,"92":1,"93":0,"94":0,"95":0,"96":1,"97":1,"98":0,"99":1,"100":1,"101":1,"102":1,"103":1,"104":0,"105":0,"106":0,"107":1,"108":0,"109":1,"110":1,"111":1,"112":1,"113":1,"114":0,"115":0,"116":0,"117":1,"118":0,"119":1,"120":2,"121":2,"122":2,"123":2,"124":2,"125":1,"126":1,"127":1,"128":1,"129":1,"130":1,"131":0,"132":1,"133":1,"134":1,"135":1,"136":1,"137":0,"138":0,"139":0,"140":1,"141":0,"142":1,"143":2,"144":2,"145":2,"146":1,"147":1,"148":1,"149":1,"150":1,"151":1,"152":0,"153":0,"154":0,"155":1,"156":0,"157":1,"158":2,"159":2,"160":2,"161":2,"162":2,"163":1,"164":1,"165":1,"166":1,"167":1,"168":0,"169":1,"170":1,"171":1,"172":1,"173":1,"174":0,"175":0,"176":0,"177":1,"178":0,"179":1,"180":1,"181":1,"182":1,"183":1,"184":0,"185":0,"186":0,"187":1,"188":0,"189":1,"190":2,"191":2,"192":2,"193":2,"194":2,"195":1,"196":1,"197":1,"198":1,"199":1,"200":0,"201":1,"202":1,"203":1,"204":1,"205":1,"206":0,"207":0,"208":0,"209":1,"210":0,"211":1,"212":2,"213":2,"214":2,"215":1,"216":1,"217":1,"218":1,"219":1,"220":1,"221":0,"222":0,"223":0,"224":1,"225":0,"226":1,"227":2,"228":2,"229":2,"230":2,"231":2,"232":1,"233":1,"234":1,"235":1,"236":1,"237":0,"238":1},"b":{"1":[0,24],"2":[0,24],"3":[0,1],"4":[1,1],"5":[2,2,2,2,1],"6":[0,1],"7":[1,1],"8":[2,2,2,1,1],"9":[0,1],"10":[1,0],"11":[0,1],"12":[0,1],"13":[0,1],"14":[0,1],"15":[0,1],"16":[0,1],"17":[1,1],"18":[0,1],"19":[1,1],"20":[1,0],"21":[0,1],"22":[1,1],"23":[1,1],"24":[2,2,2,2],"25":[0,1],"26":[1,1],"27":[0,1],"28":[1,1],"29":[0,1],"30":[1,1],"31":[0,1],"32":[1,1],"33":[1,1],"34":[2,2,2,2,2,2],"35":[0,1],"36":[1,1]},"f":{},"fnMap":{},"statementMap":{"1":{"start":{"line":3,"column":0},"end":{"line":3,"column":41}},"2":{"start":{"line":4,"column":0},"end":{"line":4,"column":39}},"3":{"start":{"line":5,"column":0},"end":{"line":5,"column":46}},"4":{"start":{"line":6,"column":0},"end":{"line":6,"column":40}},"5":{"start":{"line":7,"column":0},"end":{"line":7,"column":40}},"6":{"start":{"line":8,"column":0},"end":{"line":8,"column":57}},"7":{"start":{"line":9,"column":0},"end":{"line":9,"column":54}},"8":{"start":{"line":10,"column":0},"end":{"line":10,"column":67}},"9":{"start":{"line":35,"column":0},"end":{"line":79,"column":3}},"10":{"start":{"line":36,"column":2},"end":{"line":36,"column":38}},"11":{"start":{"line":37,"column":2},"end":{"line":37,"column":35}},"12":{"start":{"line":38,"column":2},"end":{"line":38,"column":38}},"13":{"start":{"line":39,"column":2},"end":{"line":39,"column":14}},"14":{"start":{"line":41,"column":2},"end":{"line":77,"column":7}},"15":{"start":{"line":43,"column":6},"end":{"line":47,"column":7}},"16":{"start":{"line":44,"column":8},"end":{"line":44,"column":52}},"17":{"start":{"line":45,"column":8},"end":{"line":45,"column":42}},"18":{"start":{"line":46,"column":8},"end":{"line":46,"column":15}},"19":{"start":{"line":48,"column":6},"end":{"line":48,"column":28}},"20":{"start":{"line":49,"column":6},"end":{"line":49,"column":64}},"21":{"start":{"line":53,"column":6},"end":{"line":57,"column":7}},"22":{"start":{"line":54,"column":8},"end":{"line":54,"column":52}},"23":{"start":{"line":55,"column":8},"end":{"line":55,"column":47}},"24":{"start":{"line":56,"column":8},"end":{"line":56,"column":15}},"25":{"start":{"line":58,"column":6},"end":{"line":64,"column":7}},"26":{"start":{"line":66,"column":6},"end":{"line":66,"column":57}},"27":{"start":{"line":68,"column":6},"end":{"line":68,"column":52}},"28":{"start":{"line":69,"column":6},"end":{"line":69,"column":56}},"29":{"start":{"line":70,"column":6},"end":{"line":70,"column":33}},"30":{"start":{"line":71,"column":6},"end":{"line":71,"column":13}},"31":{"start":{"line":74,"column":6},"end":{"line":74,"column":50}},"32":{"start":{"line":75,"column":6},"end":{"line":75,"column":32}},"33":{"start":{"line":76,"column":6},"end":{"line":76,"column":13}},"34":{"start":{"line":107,"column":0},"end":{"line":124,"column":3}},"35":{"start":{"line":108,"column":2},"end":{"line":108,"column":33}},"36":{"start":{"line":109,"column":2},"end":{"line":109,"column":48}},"37":{"start":{"line":111,"column":2},"end":{"line":123,"column":7}},"38":{"start":{"line":113,"column":6},"end":{"line":117,"column":7}},"39":{"start":{"line":114,"column":8},"end":{"line":114,"column":52}},"40":{"start":{"line":115,"column":8},"end":{"line":115,"column":47}},"41":{"start":{"line":116,"column":8},"end":{"line":116,"column":15}},"42":{"start":{"line":118,"column":6},"end":{"line":118,"column":56}},"43":{"start":{"line":119,"column":6},"end":{"line":119,"column":25}},"44":{"start":{"line":122,"column":6},"end":{"line":122,"column":16}},"45":{"start":{"line":151,"column":0},"end":{"line":181,"column":3}},"46":{"start":{"line":153,"column":2},"end":{"line":153,"column":33}},"47":{"start":{"line":155,"column":2},"end":{"line":159,"column":3}},"48":{"start":{"line":156,"column":4},"end":{"line":156,"column":48}},"49":{"start":{"line":157,"column":4},"end":{"line":157,"column":53}},"50":{"start":{"line":158,"column":4},"end":{"line":158,"column":11}},"51":{"start":{"line":161,"column":2},"end":{"line":163,"column":43}},"52":{"start":{"line":165,"column":2},"end":{"line":180,"column":5}},"53":{"start":{"line":167,"column":4},"end":{"line":167,"column":32}},"54":{"start":{"line":168,"column":4},"end":{"line":168,"column":30}},"55":{"start":{"line":171,"column":4},"end":{"line":175,"column":5}},"56":{"start":{"line":172,"column":6},"end":{"line":172,"column":50}},"57":{"start":{"line":173,"column":6},"end":{"line":173,"column":55}},"58":{"start":{"line":174,"column":6},"end":{"line":174,"column":13}},"59":{"start":{"line":176,"column":4},"end":{"line":176,"column":38}},"60":{"start":{"line":179,"column":4},"end":{"line":179,"column":14}},"61":{"start":{"line":211,"column":0},"end":{"line":255,"column":3}},"62":{"start":{"line":213,"column":2},"end":{"line":217,"column":3}},"63":{"start":{"line":214,"column":4},"end":{"line":214,"column":48}},"64":{"start":{"line":215,"column":4},"end":{"line":215,"column":53}},"65":{"start":{"line":216,"column":4},"end":{"line":216,"column":11}},"66":{"start":{"line":219,"column":2},"end":{"line":219,"column":19}},"67":{"start":{"line":220,"column":2},"end":{"line":222,"column":3}},"68":{"start":{"line":221,"column":4},"end":{"line":221,"column":33}},"69":{"start":{"line":223,"column":2},"end":{"line":225,"column":3}},"70":{"start":{"line":224,"column":4},"end":{"line":224,"column":35}},"71":{"start":{"line":226,"column":2},"end":{"line":228,"column":3}},"72":{"start":{"line":227,"column":4},"end":{"line":227,"column":41}},"73":{"start":{"line":230,"column":2},"end":{"line":230,"column":45}},"74":{"start":{"line":231,"column":2},"end":{"line":233,"column":3}},"75":{"start":{"line":232,"column":4},"end":{"line":232,"column":55}},"76":{"start":{"line":234,"column":2},"end":{"line":234,"column":36}},"77":{"start":{"line":235,"column":2},"end":{"line":235,"column":48}},"78":{"start":{"line":237,"column":2},"end":{"line":254,"column":7}},"79":{"start":{"line":239,"column":6},"end":{"line":241,"column":7}},"80":{"start":{"line":240,"column":8},"end":{"line":240,"column":52}},"81":{"start":{"line":242,"column":6},"end":{"line":242,"column":59}},"82":{"start":{"line":245,"column":6},"end":{"line":249,"column":7}},"83":{"start":{"line":246,"column":8},"end":{"line":246,"column":52}},"84":{"start":{"line":247,"column":8},"end":{"line":247,"column":57}},"85":{"start":{"line":248,"column":8},"end":{"line":248,"column":15}},"86":{"start":{"line":250,"column":6},"end":{"line":250,"column":28}},"87":{"start":{"line":253,"column":6},"end":{"line":253,"column":16}},"88":{"start":{"line":285,"column":0},"end":{"line":303,"column":3}},"89":{"start":{"line":286,"column":2},"end":{"line":286,"column":36}},"90":{"start":{"line":287,"column":2},"end":{"line":287,"column":48}},"91":{"start":{"line":289,"column":2},"end":{"line":301,"column":7}},"92":{"start":{"line":291,"column":6},"end":{"line":295,"column":7}},"93":{"start":{"line":292,"column":8},"end":{"line":292,"column":52}},"94":{"start":{"line":293,"column":8},"end":{"line":293,"column":57}},"95":{"start":{"line":294,"column":8},"end":{"line":294,"column":15}},"96":{"start":{"line":296,"column":6},"end":{"line":296,"column":49}},"97":{"start":{"line":297,"column":6},"end":{"line":297,"column":28}},"98":{"start":{"line":300,"column":6},"end":{"line":300,"column":16}},"99":{"start":{"line":347,"column":0},"end":{"line":364,"column":3}},"100":{"start":{"line":348,"column":2},"end":{"line":348,"column":36}},"101":{"start":{"line":349,"column":2},"end":{"line":349,"column":48}},"102":{"start":{"line":351,"column":2},"end":{"line":363,"column":7}},"103":{"start":{"line":353,"column":6},"end":{"line":357,"column":7}},"104":{"start":{"line":354,"column":8},"end":{"line":354,"column":52}},"105":{"start":{"line":355,"column":8},"end":{"line":355,"column":57}},"106":{"start":{"line":356,"column":8},"end":{"line":356,"column":15}},"107":{"start":{"line":359,"column":6},"end":{"line":359,"column":31}},"108":{"start":{"line":362,"column":6},"end":{"line":362,"column":16}},"109":{"start":{"line":390,"column":0},"end":{"line":406,"column":3}},"110":{"start":{"line":391,"column":2},"end":{"line":391,"column":36}},"111":{"start":{"line":392,"column":2},"end":{"line":392,"column":48}},"112":{"start":{"line":394,"column":2},"end":{"line":405,"column":7}},"113":{"start":{"line":396,"column":6},"end":{"line":400,"column":7}},"114":{"start":{"line":397,"column":8},"end":{"line":397,"column":52}},"115":{"start":{"line":398,"column":8},"end":{"line":398,"column":57}},"116":{"start":{"line":399,"column":8},"end":{"line":399,"column":15}},"117":{"start":{"line":401,"column":6},"end":{"line":401,"column":37}},"118":{"start":{"line":404,"column":6},"end":{"line":404,"column":16}},"119":{"start":{"line":430,"column":0},"end":{"line":449,"column":3}},"120":{"start":{"line":431,"column":2},"end":{"line":431,"column":36}},"121":{"start":{"line":432,"column":2},"end":{"line":432,"column":48}},"122":{"start":{"line":433,"column":2},"end":{"line":433,"column":34}},"123":{"start":{"line":435,"column":2},"end":{"line":448,"column":7}},"124":{"start":{"line":437,"column":6},"end":{"line":444,"column":7}},"125":{"start":{"line":438,"column":8},"end":{"line":438,"column":54}},"126":{"start":{"line":439,"column":8},"end":{"line":439,"column":27}},"127":{"start":{"line":440,"column":13},"end":{"line":444,"column":7}},"128":{"start":{"line":441,"column":8},"end":{"line":441,"column":52}},"129":{"start":{"line":442,"column":8},"end":{"line":442,"column":42}},"130":{"start":{"line":443,"column":8},"end":{"line":443,"column":15}},"131":{"start":{"line":447,"column":6},"end":{"line":447,"column":16}},"132":{"start":{"line":484,"column":0},"end":{"line":501,"column":3}},"133":{"start":{"line":485,"column":2},"end":{"line":485,"column":36}},"134":{"start":{"line":486,"column":2},"end":{"line":486,"column":48}},"135":{"start":{"line":488,"column":2},"end":{"line":500,"column":7}},"136":{"start":{"line":490,"column":6},"end":{"line":494,"column":7}},"137":{"start":{"line":491,"column":8},"end":{"line":491,"column":52}},"138":{"start":{"line":492,"column":8},"end":{"line":492,"column":57}},"139":{"start":{"line":493,"column":8},"end":{"line":493,"column":15}},"140":{"start":{"line":496,"column":6},"end":{"line":496,"column":30}},"141":{"start":{"line":499,"column":6},"end":{"line":499,"column":16}},"142":{"start":{"line":533,"column":0},"end":{"line":561,"column":3}},"143":{"start":{"line":534,"column":2},"end":{"line":534,"column":36}},"144":{"start":{"line":535,"column":2},"end":{"line":535,"column":48}},"145":{"start":{"line":538,"column":2},"end":{"line":542,"column":3}},"146":{"start":{"line":539,"column":4},"end":{"line":539,"column":48}},"147":{"start":{"line":540,"column":4},"end":{"line":540,"column":48}},"148":{"start":{"line":541,"column":4},"end":{"line":541,"column":11}},"149":{"start":{"line":544,"column":2},"end":{"line":546,"column":47}},"150":{"start":{"line":548,"column":2},"end":{"line":560,"column":7}},"151":{"start":{"line":550,"column":6},"end":{"line":554,"column":7}},"152":{"start":{"line":551,"column":8},"end":{"line":551,"column":52}},"153":{"start":{"line":552,"column":8},"end":{"line":552,"column":52}},"154":{"start":{"line":553,"column":8},"end":{"line":553,"column":15}},"155":{"start":{"line":556,"column":6},"end":{"line":556,"column":37}},"156":{"start":{"line":559,"column":6},"end":{"line":559,"column":16}},"157":{"start":{"line":595,"column":0},"end":{"line":615,"column":3}},"158":{"start":{"line":596,"column":2},"end":{"line":596,"column":36}},"159":{"start":{"line":597,"column":2},"end":{"line":597,"column":48}},"160":{"start":{"line":598,"column":2},"end":{"line":598,"column":34}},"161":{"start":{"line":601,"column":2},"end":{"line":614,"column":7}},"162":{"start":{"line":603,"column":6},"end":{"line":610,"column":7}},"163":{"start":{"line":604,"column":8},"end":{"line":604,"column":52}},"164":{"start":{"line":605,"column":8},"end":{"line":605,"column":42}},"165":{"start":{"line":606,"column":8},"end":{"line":606,"column":15}},"166":{"start":{"line":608,"column":8},"end":{"line":608,"column":54}},"167":{"start":{"line":609,"column":8},"end":{"line":609,"column":27}},"168":{"start":{"line":613,"column":6},"end":{"line":613,"column":16}},"169":{"start":{"line":647,"column":0},"end":{"line":664,"column":3}},"170":{"start":{"line":648,"column":2},"end":{"line":648,"column":36}},"171":{"start":{"line":649,"column":2},"end":{"line":649,"column":48}},"172":{"start":{"line":651,"column":2},"end":{"line":663,"column":7}},"173":{"start":{"line":653,"column":6},"end":{"line":657,"column":7}},"174":{"start":{"line":654,"column":8},"end":{"line":654,"column":52}},"175":{"start":{"line":655,"column":8},"end":{"line":655,"column":57}},"176":{"start":{"line":656,"column":8},"end":{"line":656,"column":15}},"177":{"start":{"line":659,"column":6},"end":{"line":659,"column":32}},"178":{"start":{"line":662,"column":6},"end":{"line":662,"column":16}},"179":{"start":{"line":691,"column":0},"end":{"line":707,"column":3}},"180":{"start":{"line":692,"column":2},"end":{"line":692,"column":36}},"181":{"start":{"line":693,"column":2},"end":{"line":693,"column":48}},"182":{"start":{"line":695,"column":2},"end":{"line":706,"column":7}},"183":{"start":{"line":697,"column":6},"end":{"line":701,"column":7}},"184":{"start":{"line":698,"column":8},"end":{"line":698,"column":52}},"185":{"start":{"line":699,"column":8},"end":{"line":699,"column":57}},"186":{"start":{"line":700,"column":8},"end":{"line":700,"column":15}},"187":{"start":{"line":702,"column":6},"end":{"line":702,"column":37}},"188":{"start":{"line":705,"column":6},"end":{"line":705,"column":16}},"189":{"start":{"line":733,"column":0},"end":{"line":753,"column":3}},"190":{"start":{"line":734,"column":2},"end":{"line":734,"column":36}},"191":{"start":{"line":735,"column":2},"end":{"line":735,"column":48}},"192":{"start":{"line":736,"column":2},"end":{"line":736,"column":34}},"193":{"start":{"line":739,"column":2},"end":{"line":752,"column":7}},"194":{"start":{"line":741,"column":6},"end":{"line":748,"column":7}},"195":{"start":{"line":742,"column":8},"end":{"line":742,"column":52}},"196":{"start":{"line":743,"column":8},"end":{"line":743,"column":42}},"197":{"start":{"line":744,"column":8},"end":{"line":744,"column":15}},"198":{"start":{"line":746,"column":8},"end":{"line":746,"column":54}},"199":{"start":{"line":747,"column":8},"end":{"line":747,"column":27}},"200":{"start":{"line":751,"column":6},"end":{"line":751,"column":16}},"201":{"start":{"line":788,"column":0},"end":{"line":805,"column":3}},"202":{"start":{"line":789,"column":2},"end":{"line":789,"column":36}},"203":{"start":{"line":790,"column":2},"end":{"line":790,"column":48}},"204":{"start":{"line":792,"column":2},"end":{"line":804,"column":7}},"205":{"start":{"line":794,"column":6},"end":{"line":798,"column":7}},"206":{"start":{"line":795,"column":8},"end":{"line":795,"column":52}},"207":{"start":{"line":796,"column":8},"end":{"line":796,"column":57}},"208":{"start":{"line":797,"column":8},"end":{"line":797,"column":15}},"209":{"start":{"line":800,"column":6},"end":{"line":800,"column":29}},"210":{"start":{"line":803,"column":6},"end":{"line":803,"column":16}},"211":{"start":{"line":845,"column":0},"end":{"line":874,"column":3}},"212":{"start":{"line":846,"column":2},"end":{"line":846,"column":36}},"213":{"start":{"line":847,"column":2},"end":{"line":847,"column":48}},"214":{"start":{"line":849,"column":2},"end":{"line":853,"column":3}},"215":{"start":{"line":850,"column":4},"end":{"line":850,"column":48}},"216":{"start":{"line":851,"column":4},"end":{"line":851,"column":47}},"217":{"start":{"line":852,"column":4},"end":{"line":852,"column":11}},"218":{"start":{"line":855,"column":2},"end":{"line":859,"column":46}},"219":{"start":{"line":861,"column":2},"end":{"line":873,"column":7}},"220":{"start":{"line":863,"column":6},"end":{"line":869,"column":7}},"221":{"start":{"line":864,"column":8},"end":{"line":864,"column":52}},"222":{"start":{"line":865,"column":8},"end":{"line":865,"column":52}},"223":{"start":{"line":866,"column":8},"end":{"line":866,"column":15}},"224":{"start":{"line":868,"column":8},"end":{"line":868,"column":39}},"225":{"start":{"line":872,"column":6},"end":{"line":872,"column":16}},"226":{"start":{"line":909,"column":0},"end":{"line":929,"column":3}},"227":{"start":{"line":910,"column":2},"end":{"line":910,"column":36}},"228":{"start":{"line":911,"column":2},"end":{"line":911,"column":48}},"229":{"start":{"line":912,"column":2},"end":{"line":912,"column":34}},"230":{"start":{"line":915,"column":2},"end":{"line":928,"column":7}},"231":{"start":{"line":917,"column":6},"end":{"line":924,"column":7}},"232":{"start":{"line":918,"column":8},"end":{"line":918,"column":52}},"233":{"start":{"line":919,"column":8},"end":{"line":919,"column":42}},"234":{"start":{"line":920,"column":8},"end":{"line":920,"column":15}},"235":{"start":{"line":922,"column":8},"end":{"line":922,"column":54}},"236":{"start":{"line":923,"column":8},"end":{"line":923,"column":27}},"237":{"start":{"line":927,"column":6},"end":{"line":927,"column":16}},"238":{"start":{"line":940,"column":0},"end":{"line":940,"column":24}}},"branchMap":{"1":{"line":43,"type":"if","locations":[{"start":{"line":43,"column":6},"end":{"line":43,"column":6}},{"start":{"line":43,"column":6},"end":{"line":43,"column":6}}]},"2":{"line":53,"type":"if","locations":[{"start":{"line":53,"column":6},"end":{"line":53,"column":6}},{"start":{"line":53,"column":6},"end":{"line":53,"column":6}}]},"3":{"line":113,"type":"if","locations":[{"start":{"line":113,"column":6},"end":{"line":113,"column":6}},{"start":{"line":113,"column":6},"end":{"line":113,"column":6}}]},"4":{"line":155,"type":"if","locations":[{"start":{"line":155,"column":2},"end":{"line":155,"column":2}},{"start":{"line":155,"column":2},"end":{"line":155,"column":2}}]},"5":{"line":155,"type":"binary-expr","locations":[{"start":{"line":155,"column":5},"end":{"line":155,"column":27}},{"start":{"line":155,"column":31},"end":{"line":155,"column":58}},{"start":{"line":155,"column":62},"end":{"line":155,"column":90}},{"start":{"line":155,"column":94},"end":{"line":155,"column":125}},{"start":{"line":155,"column":129},"end":{"line":155,"column":160}}]},"6":{"line":171,"type":"if","locations":[{"start":{"line":171,"column":4},"end":{"line":171,"column":4}},{"start":{"line":171,"column":4},"end":{"line":171,"column":4}}]},"7":{"line":213,"type":"if","locations":[{"start":{"line":213,"column":2},"end":{"line":213,"column":2}},{"start":{"line":213,"column":2},"end":{"line":213,"column":2}}]},"8":{"line":213,"type":"binary-expr","locations":[{"start":{"line":213,"column":5},"end":{"line":213,"column":27}},{"start":{"line":213,"column":32},"end":{"line":213,"column":59}},{"start":{"line":213,"column":63},"end":{"line":213,"column":91}},{"start":{"line":213,"column":95},"end":{"line":213,"column":125}},{"start":{"line":213,"column":129},"end":{"line":213,"column":160}}]},"9":{"line":220,"type":"if","locations":[{"start":{"line":220,"column":2},"end":{"line":220,"column":2}},{"start":{"line":220,"column":2},"end":{"line":220,"column":2}}]},"10":{"line":223,"type":"if","locations":[{"start":{"line":223,"column":2},"end":{"line":223,"column":2}},{"start":{"line":223,"column":2},"end":{"line":223,"column":2}}]},"11":{"line":226,"type":"if","locations":[{"start":{"line":226,"column":2},"end":{"line":226,"column":2}},{"start":{"line":226,"column":2},"end":{"line":226,"column":2}}]},"12":{"line":231,"type":"if","locations":[{"start":{"line":231,"column":2},"end":{"line":231,"column":2}},{"start":{"line":231,"column":2},"end":{"line":231,"column":2}}]},"13":{"line":239,"type":"if","locations":[{"start":{"line":239,"column":6},"end":{"line":239,"column":6}},{"start":{"line":239,"column":6},"end":{"line":239,"column":6}}]},"14":{"line":245,"type":"if","locations":[{"start":{"line":245,"column":6},"end":{"line":245,"column":6}},{"start":{"line":245,"column":6},"end":{"line":245,"column":6}}]},"15":{"line":291,"type":"if","locations":[{"start":{"line":291,"column":6},"end":{"line":291,"column":6}},{"start":{"line":291,"column":6},"end":{"line":291,"column":6}}]},"16":{"line":353,"type":"if","locations":[{"start":{"line":353,"column":6},"end":{"line":353,"column":6}},{"start":{"line":353,"column":6},"end":{"line":353,"column":6}}]},"17":{"line":353,"type":"binary-expr","locations":[{"start":{"line":353,"column":9},"end":{"line":353,"column":37}},{"start":{"line":353,"column":41},"end":{"line":353,"column":66}}]},"18":{"line":396,"type":"if","locations":[{"start":{"line":396,"column":6},"end":{"line":396,"column":6}},{"start":{"line":396,"column":6},"end":{"line":396,"column":6}}]},"19":{"line":437,"type":"if","locations":[{"start":{"line":437,"column":6},"end":{"line":437,"column":6}},{"start":{"line":437,"column":6},"end":{"line":437,"column":6}}]},"20":{"line":440,"type":"if","locations":[{"start":{"line":440,"column":13},"end":{"line":440,"column":13}},{"start":{"line":440,"column":13},"end":{"line":440,"column":13}}]},"21":{"line":490,"type":"if","locations":[{"start":{"line":490,"column":6},"end":{"line":490,"column":6}},{"start":{"line":490,"column":6},"end":{"line":490,"column":6}}]},"22":{"line":490,"type":"binary-expr","locations":[{"start":{"line":490,"column":9},"end":{"line":490,"column":36}},{"start":{"line":490,"column":40},"end":{"line":490,"column":64}}]},"23":{"line":538,"type":"if","locations":[{"start":{"line":538,"column":2},"end":{"line":538,"column":2}},{"start":{"line":538,"column":2},"end":{"line":538,"column":2}}]},"24":{"line":538,"type":"binary-expr","locations":[{"start":{"line":538,"column":5},"end":{"line":538,"column":27}},{"start":{"line":538,"column":31},"end":{"line":538,"column":62}},{"start":{"line":538,"column":66},"end":{"line":538,"column":93}},{"start":{"line":538,"column":97},"end":{"line":538,"column":130}}]},"25":{"line":550,"type":"if","locations":[{"start":{"line":550,"column":6},"end":{"line":550,"column":6}},{"start":{"line":550,"column":6},"end":{"line":550,"column":6}}]},"26":{"line":603,"type":"if","locations":[{"start":{"line":603,"column":6},"end":{"line":603,"column":6}},{"start":{"line":603,"column":6},"end":{"line":603,"column":6}}]},"27":{"line":653,"type":"if","locations":[{"start":{"line":653,"column":6},"end":{"line":653,"column":6}},{"start":{"line":653,"column":6},"end":{"line":653,"column":6}}]},"28":{"line":653,"type":"binary-expr","locations":[{"start":{"line":653,"column":9},"end":{"line":653,"column":38}},{"start":{"line":653,"column":42},"end":{"line":653,"column":68}}]},"29":{"line":697,"type":"if","locations":[{"start":{"line":697,"column":6},"end":{"line":697,"column":6}},{"start":{"line":697,"column":6},"end":{"line":697,"column":6}}]},"30":{"line":741,"type":"if","locations":[{"start":{"line":741,"column":6},"end":{"line":741,"column":6}},{"start":{"line":741,"column":6},"end":{"line":741,"column":6}}]},"31":{"line":794,"type":"if","locations":[{"start":{"line":794,"column":6},"end":{"line":794,"column":6}},{"start":{"line":794,"column":6},"end":{"line":794,"column":6}}]},"32":{"line":794,"type":"binary-expr","locations":[{"start":{"line":794,"column":9},"end":{"line":794,"column":35}},{"start":{"line":794,"column":39},"end":{"line":794,"column":62}}]},"33":{"line":849,"type":"if","locations":[{"start":{"line":849,"column":2},"end":{"line":849,"column":2}},{"start":{"line":849,"column":2},"end":{"line":849,"column":2}}]},"34":{"line":849,"type":"binary-expr","locations":[{"start":{"line":849,"column":5},"end":{"line":849,"column":27}},{"start":{"line":849,"column":31},"end":{"line":849,"column":57}},{"start":{"line":849,"column":61},"end":{"line":849,"column":88}},{"start":{"line":849,"column":92},"end":{"line":849,"column":122}},{"start":{"line":849,"column":126},"end":{"line":849,"column":154}},{"start":{"line":849,"column":158},"end":{"line":849,"column":191}}]},"35":{"line":863,"type":"if","locations":[{"start":{"line":863,"column":6},"end":{"line":863,"column":6}},{"start":{"line":863,"column":6},"end":{"line":863,"column":6}}]},"36":{"line":917,"type":"if","locations":[{"start":{"line":917,"column":6},"end":{"line":917,"column":6}},{"start":{"line":917,"column":6},"end":{"line":917,"column":6}}]}}},"/Users/sandeepsabu/galvanize/q2/week5/q2_project/QuakeBook/routes/helpers.js":{"path":"/Users/sandeepsabu/galvanize/q2/week5/q2_project/QuakeBook/routes/helpers.js","s":{"1":1,"2":1,"3":24,"4":23,"5":23,"6":1,"7":1,"8":23,"9":23,"10":22,"11":22,"12":1},"b":{"1":[23,1],"2":[22,1]},"f":{"1":24,"2":23},"fnMap":{"1":{"name":"(anonymous_1)","line":4,"loc":{"start":{"line":4,"column":17},"end":{"line":4,"column":42}}},"2":{"name":"(anonymous_2)","line":12,"loc":{"start":{"line":12,"column":14},"end":{"line":12,"column":39}}}},"statementMap":{"1":{"start":{"line":1,"column":0},"end":{"line":1,"column":35}},"2":{"start":{"line":3,"column":0},"end":{"line":23,"column":1}},"3":{"start":{"line":5,"column":4},"end":{"line":8,"column":5}},"4":{"start":{"line":6,"column":6},"end":{"line":6,"column":13}},"5":{"start":{"line":7,"column":6},"end":{"line":7,"column":13}},"6":{"start":{"line":9,"column":4},"end":{"line":9,"column":48}},"7":{"start":{"line":10,"column":4},"end":{"line":10,"column":41}},"8":{"start":{"line":13,"column":4},"end":{"line":21,"column":7}},"9":{"start":{"line":15,"column":6},"end":{"line":20,"column":7}},"10":{"start":{"line":16,"column":8},"end":{"line":16,"column":15}},"11":{"start":{"line":17,"column":8},"end":{"line":17,"column":15}},"12":{"start":{"line":19,"column":8},"end":{"line":19,"column":45}}},"branchMap":{"1":{"line":5,"type":"if","locations":[{"start":{"line":5,"column":4},"end":{"line":5,"column":4}},{"start":{"line":5,"column":4},"end":{"line":5,"column":4}}]},"2":{"line":15,"type":"if","locations":[{"start":{"line":15,"column":6},"end":{"line":15,"column":6}},{"start":{"line":15,"column":6},"end":{"line":15,"column":6}}]}}},"/Users/sandeepsabu/galvanize/q2/week5/q2_project/QuakeBook/controllers/profile_repository.js":{"path":"/Users/sandeepsabu/galvanize/q2/week5/q2_project/QuakeBook/controllers/profile_repository.js","s":{"1":1,"2":1,"3":1,"4":2,"5":24,"6":2,"7":2,"8":2,"9":2,"10":2,"11":3,"12":2,"13":2,"14":2,"15":3,"16":2,"17":2,"18":3,"19":2,"20":2,"21":2,"22":3,"23":1},"b":{},"f":{"1":2,"2":24,"3":2,"4":2,"5":2,"6":2,"7":2,"8":3,"9":2,"10":2,"11":3,"12":2,"13":2,"14":3,"15":2,"16":2,"17":3},"fnMap":{"1":{"name":"(anonymous_1)","line":9,"loc":{"start":{"line":9,"column":13},"end":{"line":9,"column":17}}},"2":{"name":"(anonymous_2)","line":15,"loc":{"start":{"line":15,"column":19},"end":{"line":15,"column":27}}},"3":{"name":"(anonymous_3)","line":22,"loc":{"start":{"line":22,"column":9},"end":{"line":22,"column":16}}},"4":{"name":"(anonymous_4)","line":28,"loc":{"start":{"line":28,"column":12},"end":{"line":28,"column":17}}},"5":{"name":"(anonymous_5)","line":37,"loc":{"start":{"line":37,"column":12},"end":{"line":37,"column":23}}},"6":{"name":"(anonymous_6)","line":49,"loc":{"start":{"line":49,"column":13},"end":{"line":49,"column":17}}},"7":{"name":"(anonymous_7)","line":55,"loc":{"start":{"line":55,"column":10},"end":{"line":55,"column":24}}},"8":{"name":"(anonymous_8)","line":61,"loc":{"start":{"line":61,"column":13},"end":{"line":61,"column":33}}},"9":{"name":"(anonymous_9)","line":70,"loc":{"start":{"line":70,"column":18},"end":{"line":70,"column":23}}},"10":{"name":"(anonymous_10)","line":76,"loc":{"start":{"line":76,"column":9},"end":{"line":76,"column":25}}},"11":{"name":"(anonymous_11)","line":83,"loc":{"start":{"line":83,"column":12},"end":{"line":83,"column":17}}},"12":{"name":"(anonymous_12)","line":92,"loc":{"start":{"line":92,"column":14},"end":{"line":92,"column":19}}},"13":{"name":"(anonymous_13)","line":98,"loc":{"start":{"line":98,"column":11},"end":{"line":98,"column":32}}},"14":{"name":"(anonymous_14)","line":104,"loc":{"start":{"line":104,"column":14},"end":{"line":104,"column":35}}},"15":{"name":"(anonymous_15)","line":113,"loc":{"start":{"line":113,"column":11},"end":{"line":113,"column":21}}},"16":{"name":"(anonymous_16)","line":119,"loc":{"start":{"line":119,"column":8},"end":{"line":119,"column":23}}},"17":{"name":"(anonymous_17)","line":126,"loc":{"start":{"line":126,"column":11},"end":{"line":126,"column":16}}}},"statementMap":{"1":{"start":{"line":1,"column":0},"end":{"line":1,"column":35}},"2":{"start":{"line":2,"column":0},"end":{"line":2,"column":33}},"3":{"start":{"line":3,"column":0},"end":{"line":3,"column":36}},"4":{"start":{"line":10,"column":2},"end":{"line":10,"column":78}},"5":{"start":{"line":17,"column":4},"end":{"line":17,"column":80}},"6":{"start":{"line":23,"column":4},"end":{"line":23,"column":45}},"7":{"start":{"line":29,"column":4},"end":{"line":32,"column":46}},"8":{"start":{"line":38,"column":4},"end":{"line":44,"column":77}},"9":{"start":{"line":50,"column":4},"end":{"line":50,"column":58}},"10":{"start":{"line":56,"column":4},"end":{"line":56,"column":82}},"11":{"start":{"line":62,"column":4},"end":{"line":65,"column":31}},"12":{"start":{"line":71,"column":4},"end":{"line":71,"column":66}},"13":{"start":{"line":77,"column":4},"end":{"line":77,"column":27}},"14":{"start":{"line":78,"column":4},"end":{"line":78,"column":42}},"15":{"start":{"line":84,"column":4},"end":{"line":87,"column":22}},"16":{"start":{"line":93,"column":4},"end":{"line":93,"column":50}},"17":{"start":{"line":99,"column":4},"end":{"line":99,"column":59}},"18":{"start":{"line":105,"column":4},"end":{"line":108,"column":22}},"19":{"start":{"line":114,"column":4},"end":{"line":114,"column":57}},"20":{"start":{"line":120,"column":4},"end":{"line":120,"column":26}},"21":{"start":{"line":121,"column":4},"end":{"line":121,"column":54}},"22":{"start":{"line":127,"column":4},"end":{"line":130,"column":22}},"23":{"start":{"line":136,"column":0},"end":{"line":136,"column":25}}},"branchMap":{}},"/Users/sandeepsabu/galvanize/q2/week5/q2_project/QuakeBook/db/migrations/20170623083837_earthquakes.js":{"path":"/Users/sandeepsabu/galvanize/q2/week5/q2_project/QuakeBook/db/migrations/20170623083837_earthquakes.js","s":{"1":1,"2":71,"3":71,"4":71,"5":71,"6":71,"7":71,"8":71,"9":71,"10":71,"11":71,"12":71,"13":1,"14":71},"b":{},"f":{"1":71,"2":71},"fnMap":{"1":{"name":"(anonymous_1)","line":2,"loc":{"start":{"line":2,"column":13},"end":{"line":2,"column":37}}},"2":{"name":"(anonymous_2)","line":19,"loc":{"start":{"line":19,"column":15},"end":{"line":19,"column":39}}}},"statementMap":{"1":{"start":{"line":2,"column":0},"end":{"line":15,"column":1}},"2":{"start":{"line":3,"column":2},"end":{"line":14,"column":5}},"3":{"start":{"line":4,"column":4},"end":{"line":4,"column":37}},"4":{"start":{"line":5,"column":4},"end":{"line":5,"column":33}},"5":{"start":{"line":6,"column":4},"end":{"line":6,"column":31}},"6":{"start":{"line":7,"column":4},"end":{"line":7,"column":36}},"7":{"start":{"line":8,"column":4},"end":{"line":8,"column":24}},"8":{"start":{"line":9,"column":4},"end":{"line":9,"column":25}},"9":{"start":{"line":10,"column":4},"end":{"line":10,"column":25}},"10":{"start":{"line":11,"column":4},"end":{"line":11,"column":35}},"11":{"start":{"line":12,"column":4},"end":{"line":12,"column":32}},"12":{"start":{"line":13,"column":4},"end":{"line":13,"column":28}},"13":{"start":{"line":19,"column":0},"end":{"line":21,"column":1}},"14":{"start":{"line":20,"column":2},"end":{"line":20,"column":46}}},"branchMap":{}},"/Users/sandeepsabu/galvanize/q2/week5/q2_project/QuakeBook/db/migrations/20170623084959_users.js":{"path":"/Users/sandeepsabu/galvanize/q2/week5/q2_project/QuakeBook/db/migrations/20170623084959_users.js","s":{"1":1,"2":71,"3":71,"4":71,"5":71,"6":71,"7":71,"8":1,"9":71},"b":{},"f":{"1":71,"2":71},"fnMap":{"1":{"name":"(anonymous_1)","line":2,"loc":{"start":{"line":2,"column":13},"end":{"line":2,"column":37}}},"2":{"name":"(anonymous_2)","line":12,"loc":{"start":{"line":12,"column":15},"end":{"line":12,"column":39}}}},"statementMap":{"1":{"start":{"line":2,"column":0},"end":{"line":10,"column":1}},"2":{"start":{"line":3,"column":2},"end":{"line":9,"column":5}},"3":{"start":{"line":4,"column":4},"end":{"line":4,"column":37}},"4":{"start":{"line":5,"column":4},"end":{"line":5,"column":53}},"5":{"start":{"line":6,"column":4},"end":{"line":6,"column":49}},"6":{"start":{"line":7,"column":4},"end":{"line":7,"column":68}},"7":{"start":{"line":8,"column":4},"end":{"line":8,"column":30}},"8":{"start":{"line":12,"column":0},"end":{"line":14,"column":1}},"9":{"start":{"line":13,"column":2},"end":{"line":13,"column":40}}},"branchMap":{}},"/Users/sandeepsabu/galvanize/q2/week5/q2_project/QuakeBook/db/migrations/20170623105520_friends.js":{"path":"/Users/sandeepsabu/galvanize/q2/week5/q2_project/QuakeBook/db/migrations/20170623105520_friends.js","s":{"1":1,"2":71,"3":71,"4":71,"5":1,"6":71},"b":{},"f":{"1":71,"2":71},"fnMap":{"1":{"name":"(anonymous_1)","line":2,"loc":{"start":{"line":2,"column":13},"end":{"line":2,"column":37}}},"2":{"name":"(anonymous_2)","line":9,"loc":{"start":{"line":9,"column":15},"end":{"line":9,"column":39}}}},"statementMap":{"1":{"start":{"line":2,"column":0},"end":{"line":7,"column":1}},"2":{"start":{"line":3,"column":2},"end":{"line":6,"column":5}},"3":{"start":{"line":4,"column":4},"end":{"line":4,"column":88}},"4":{"start":{"line":5,"column":4},"end":{"line":5,"column":86}},"5":{"start":{"line":9,"column":0},"end":{"line":11,"column":1}},"6":{"start":{"line":10,"column":2},"end":{"line":10,"column":42}}},"branchMap":{}},"/Users/sandeepsabu/galvanize/q2/week5/q2_project/QuakeBook/db/migrations/20170623105857_saved_earthquakes.js":{"path":"/Users/sandeepsabu/galvanize/q2/week5/q2_project/QuakeBook/db/migrations/20170623105857_saved_earthquakes.js","s":{"1":1,"2":71,"3":71,"4":71,"5":1,"6":71},"b":{},"f":{"1":71,"2":71},"fnMap":{"1":{"name":"(anonymous_1)","line":2,"loc":{"start":{"line":2,"column":13},"end":{"line":2,"column":37}}},"2":{"name":"(anonymous_2)","line":9,"loc":{"start":{"line":9,"column":15},"end":{"line":9,"column":39}}}},"statementMap":{"1":{"start":{"line":2,"column":0},"end":{"line":7,"column":1}},"2":{"start":{"line":3,"column":2},"end":{"line":6,"column":5}},"3":{"start":{"line":4,"column":4},"end":{"line":4,"column":86}},"4":{"start":{"line":5,"column":4},"end":{"line":5,"column":93}},"5":{"start":{"line":9,"column":0},"end":{"line":11,"column":1}},"6":{"start":{"line":10,"column":2},"end":{"line":10,"column":52}}},"branchMap":{}},"/Users/sandeepsabu/galvanize/q2/week5/q2_project/QuakeBook/db/migrations/20170623110025_points_of_interest.js":{"path":"/Users/sandeepsabu/galvanize/q2/week5/q2_project/QuakeBook/db/migrations/20170623110025_points_of_interest.js","s":{"1":1,"2":71,"3":71,"4":71,"5":71,"6":71,"7":71,"8":71,"9":71,"10":1,"11":71},"b":{},"f":{"1":71,"2":71},"fnMap":{"1":{"name":"(anonymous_1)","line":2,"loc":{"start":{"line":2,"column":13},"end":{"line":2,"column":37}}},"2":{"name":"(anonymous_2)","line":14,"loc":{"start":{"line":14,"column":15},"end":{"line":14,"column":39}}}},"statementMap":{"1":{"start":{"line":2,"column":0},"end":{"line":12,"column":1}},"2":{"start":{"line":3,"column":2},"end":{"line":11,"column":5}},"3":{"start":{"line":4,"column":4},"end":{"line":4,"column":37}},"4":{"start":{"line":5,"column":4},"end":{"line":5,"column":86}},"5":{"start":{"line":6,"column":4},"end":{"line":6,"column":24}},"6":{"start":{"line":7,"column":4},"end":{"line":7,"column":25}},"7":{"start":{"line":8,"column":4},"end":{"line":8,"column":46}},"8":{"start":{"line":9,"column":4},"end":{"line":9,"column":26}},"9":{"start":{"line":10,"column":4},"end":{"line":10,"column":47}},"10":{"start":{"line":14,"column":0},"end":{"line":16,"column":1}},"11":{"start":{"line":15,"column":2},"end":{"line":15,"column":53}}},"branchMap":{}},"/Users/sandeepsabu/galvanize/q2/week5/q2_project/QuakeBook/db/migrations/20170623110509_notes.js":{"path":"/Users/sandeepsabu/galvanize/q2/week5/q2_project/QuakeBook/db/migrations/20170623110509_notes.js","s":{"1":1,"2":71,"3":71,"4":71,"5":71,"6":71,"7":71,"8":71,"9":1,"10":71},"b":{},"f":{"1":71,"2":71},"fnMap":{"1":{"name":"(anonymous_1)","line":2,"loc":{"start":{"line":2,"column":13},"end":{"line":2,"column":37}}},"2":{"name":"(anonymous_2)","line":13,"loc":{"start":{"line":13,"column":15},"end":{"line":13,"column":39}}}},"statementMap":{"1":{"start":{"line":2,"column":0},"end":{"line":11,"column":1}},"2":{"start":{"line":3,"column":2},"end":{"line":10,"column":5}},"3":{"start":{"line":4,"column":4},"end":{"line":4,"column":37}},"4":{"start":{"line":5,"column":4},"end":{"line":5,"column":86}},"5":{"start":{"line":6,"column":4},"end":{"line":6,"column":93}},"6":{"start":{"line":7,"column":4},"end":{"line":7,"column":62}},"7":{"start":{"line":8,"column":4},"end":{"line":8,"column":25}},"8":{"start":{"line":9,"column":4},"end":{"line":9,"column":49}},"9":{"start":{"line":13,"column":0},"end":{"line":15,"column":1}},"10":{"start":{"line":14,"column":2},"end":{"line":14,"column":40}}},"branchMap":{}},"/Users/sandeepsabu/galvanize/q2/week5/q2_project/QuakeBook/db/seeds/00_earthquakes.js":{"path":"/Users/sandeepsabu/galvanize/q2/week5/q2_project/QuakeBook/db/seeds/00_earthquakes.js","s":{"1":1,"2":71,"3":71,"4":71},"b":{},"f":{"1":71,"2":71,"3":71},"fnMap":{"1":{"name":"(anonymous_1)","line":1,"loc":{"start":{"line":1,"column":15},"end":{"line":1,"column":39}}},"2":{"name":"(anonymous_2)","line":4,"loc":{"start":{"line":4,"column":10},"end":{"line":4,"column":22}}},"3":{"name":"(anonymous_3)","line":30,"loc":{"start":{"line":30,"column":10},"end":{"line":30,"column":20}}}},"statementMap":{"1":{"start":{"line":1,"column":0},"end":{"line":33,"column":2}},"2":{"start":{"line":3,"column":2},"end":{"line":32,"column":7}},"3":{"start":{"line":6,"column":6},"end":{"line":28,"column":8}},"4":{"start":{"line":31,"column":8},"end":{"line":31,"column":98}}},"branchMap":{}},"/Users/sandeepsabu/galvanize/q2/week5/q2_project/QuakeBook/db/seeds/01_users.js":{"path":"/Users/sandeepsabu/galvanize/q2/week5/q2_project/QuakeBook/db/seeds/01_users.js","s":{"1":1,"2":71,"3":71,"4":71},"b":{},"f":{"1":71,"2":71},"fnMap":{"1":{"name":"(anonymous_1)","line":1,"loc":{"start":{"line":1,"column":15},"end":{"line":1,"column":39}}},"2":{"name":"(anonymous_2)","line":29,"loc":{"start":{"line":29,"column":8},"end":{"line":29,"column":18}}}},"statementMap":{"1":{"start":{"line":1,"column":0},"end":{"line":32,"column":2}},"2":{"start":{"line":3,"column":2},"end":{"line":31,"column":11}},"3":{"start":{"line":6,"column":6},"end":{"line":27,"column":12}},"4":{"start":{"line":30,"column":12},"end":{"line":30,"column":89}}},"branchMap":{}},"/Users/sandeepsabu/galvanize/q2/week5/q2_project/QuakeBook/db/seeds/02_friends.js":{"path":"/Users/sandeepsabu/galvanize/q2/week5/q2_project/QuakeBook/db/seeds/02_friends.js","s":{"1":1,"2":71,"3":71},"b":{},"f":{"1":71},"fnMap":{"1":{"name":"(anonymous_1)","line":1,"loc":{"start":{"line":1,"column":15},"end":{"line":1,"column":39}}}},"statementMap":{"1":{"start":{"line":1,"column":0},"end":{"line":33,"column":2}},"2":{"start":{"line":3,"column":2},"end":{"line":32,"column":5}},"3":{"start":{"line":6,"column":6},"end":{"line":31,"column":14}}},"branchMap":{}},"/Users/sandeepsabu/galvanize/q2/week5/q2_project/QuakeBook/db/seeds/03_saved_earthquakes.js":{"path":"/Users/sandeepsabu/galvanize/q2/week5/q2_project/QuakeBook/db/seeds/03_saved_earthquakes.js","s":{"1":1,"2":71,"3":71},"b":{},"f":{"1":71},"fnMap":{"1":{"name":"(anonymous_1)","line":1,"loc":{"start":{"line":1,"column":15},"end":{"line":1,"column":39}}}},"statementMap":{"1":{"start":{"line":1,"column":0},"end":{"line":33,"column":2}},"2":{"start":{"line":3,"column":2},"end":{"line":32,"column":5}},"3":{"start":{"line":6,"column":6},"end":{"line":31,"column":14}}},"branchMap":{}},"/Users/sandeepsabu/galvanize/q2/week5/q2_project/QuakeBook/db/seeds/04_points_of_interest.js":{"path":"/Users/sandeepsabu/galvanize/q2/week5/q2_project/QuakeBook/db/seeds/04_points_of_interest.js","s":{"1":1,"2":71,"3":71,"4":71},"b":{},"f":{"1":71,"2":71},"fnMap":{"1":{"name":"(anonymous_1)","line":1,"loc":{"start":{"line":1,"column":15},"end":{"line":1,"column":39}}},"2":{"name":"(anonymous_2)","line":71,"loc":{"start":{"line":71,"column":8},"end":{"line":71,"column":18}}}},"statementMap":{"1":{"start":{"line":1,"column":0},"end":{"line":74,"column":2}},"2":{"start":{"line":3,"column":2},"end":{"line":73,"column":11}},"3":{"start":{"line":6,"column":6},"end":{"line":69,"column":6}},"4":{"start":{"line":72,"column":12},"end":{"line":72,"column":115}}},"branchMap":{}},"/Users/sandeepsabu/galvanize/q2/week5/q2_project/QuakeBook/db/seeds/05_notes.js":{"path":"/Users/sandeepsabu/galvanize/q2/week5/q2_project/QuakeBook/db/seeds/05_notes.js","s":{"1":1,"2":71,"3":71,"4":71},"b":{},"f":{"1":71,"2":71},"fnMap":{"1":{"name":"(anonymous_1)","line":1,"loc":{"start":{"line":1,"column":15},"end":{"line":1,"column":39}}},"2":{"name":"(anonymous_2)","line":29,"loc":{"start":{"line":29,"column":8},"end":{"line":29,"column":18}}}},"statementMap":{"1":{"start":{"line":1,"column":0},"end":{"line":32,"column":2}},"2":{"start":{"line":3,"column":2},"end":{"line":31,"column":11}},"3":{"start":{"line":6,"column":6},"end":{"line":27,"column":12}},"4":{"start":{"line":30,"column":12},"end":{"line":30,"column":89}}},"branchMap":{}}}