TN:
SF:/Users/sandeepsabu/galvanize/q2/week5/q2_project/QuakeBook/knex.js
FNF:0
FNH:0
DA:3,1
DA:4,1
DA:5,1
DA:7,1
LF:4
LH:4
BRDA:3,1,0,1
BRDA:3,1,1,0
BRF:2
BRH:1
end_of_record
TN:
SF:/Users/sandeepsabu/galvanize/q2/week5/q2_project/QuakeBook/knexfile.js
FNF:0
FNH:0
DA:3,1
LF:1
LH:1
BRF:0
BRH:0
end_of_record
TN:
SF:/Users/sandeepsabu/galvanize/q2/week5/q2_project/QuakeBook/controllers/earthquake_repository.js
FN:7,(anonymous_1)
FN:14,(anonymous_2)
FN:21,(anonymous_3)
FNF:3
FNH:3
FNDA:2,(anonymous_1)
FNDA:1,(anonymous_2)
FNDA:2,(anonymous_3)
DA:1,1
DA:8,2
DA:15,1
DA:22,2
DA:28,1
LF:5
LH:5
BRF:0
BRH:0
end_of_record
TN:
SF:/Users/sandeepsabu/galvanize/q2/week5/q2_project/QuakeBook/server.js
FNF:0
FNH:0
DA:1,1
DA:2,1
DA:5,1
DA:6,1
DA:7,1
DA:8,1
DA:9,1
DA:10,1
DA:11,1
DA:12,1
DA:14,1
DA:16,1
DA:17,1
DA:19,1
DA:20,1
DA:21,1
DA:22,1
DA:24,1
DA:25,0
DA:28,1
DA:29,1
DA:32,1
LF:22
LH:21
BRDA:1,1,0,1
BRDA:1,1,1,0
BRDA:14,2,0,1
BRDA:14,2,1,1
BRF:4
BRH:3
end_of_record
TN:
SF:/Users/sandeepsabu/galvanize/q2/week5/q2_project/QuakeBook/routes/earthquake.js
FNF:0
FNH:0
DA:3,1
DA:4,1
DA:5,1
DA:6,1
DA:41,1
DA:42,1
DA:43,1
DA:44,1
DA:46,1
DA:48,1
DA:49,0
DA:50,0
DA:52,1
DA:53,1
DA:56,0
DA:102,1
DA:103,1
DA:104,1
DA:105,1
DA:106,1
DA:108,1
DA:109,0
DA:110,0
DA:112,1
DA:113,1
DA:116,0
DA:154,1
DA:156,0
DA:158,0
DA:159,0
DA:160,0
DA:161,0
DA:164,0
DA:174,0
DA:176,0
DA:178,0
DA:179,0
DA:182,0
DA:186,1
LF:39
LH:22
BRDA:48,1,0,0
BRDA:48,1,1,1
BRDA:108,2,0,0
BRDA:108,2,1,1
BRDA:158,3,0,0
BRDA:158,3,1,0
BRDA:158,4,0,0
BRDA:158,4,1,0
BRDA:158,4,2,0
BRDA:158,4,3,0
BRDA:158,4,4,0
BRDA:158,4,5,0
BRDA:158,4,6,0
BRDA:158,4,7,0
BRDA:158,4,8,0
BRDA:158,4,9,0
BRF:16
BRH:2
end_of_record
TN:
SF:/Users/sandeepsabu/galvanize/q2/week5/q2_project/QuakeBook/routes/earthquakes.js
FN:140,shapeData
FNF:1
FNH:1
FNDA:1,shapeData
DA:3,1
DA:4,1
DA:5,1
DA:50,1
DA:51,1
DA:52,1
DA:54,1
DA:55,1
DA:58,0
DA:59,0
DA:114,1
DA:115,0
DA:116,0
DA:118,0
DA:119,0
DA:122,0
DA:124,0
DA:126,0
DA:129,0
DA:130,0
DA:132,0
DA:135,0
DA:140,1
DA:142,1
DA:144,1
DA:145,1
DA:146,1
DA:147,1
DA:148,1
DA:149,1
DA:150,1
DA:151,1
DA:152,1
DA:154,1
DA:157,1
LF:35
LH:22
BRDA:118,1,0,0
BRDA:118,1,1,0
BRF:2
BRH:0
end_of_record
TN:
SF:/Users/sandeepsabu/galvanize/q2/week5/q2_project/QuakeBook/controllers/earthquakes_repository.js
FN:7,(anonymous_1)
FN:18,(anonymous_2)
FNF:2
FNH:1
FNDA:1,(anonymous_1)
FNDA:0,(anonymous_2)
DA:1,1
DA:2,1
DA:8,1
DA:9,1
DA:11,1
DA:14,0
DA:19,0
DA:22,0
DA:23,0
DA:26,0
DA:31,1
LF:11
LH:6
BRF:0
BRH:0
end_of_record
TN:
SF:/Users/sandeepsabu/galvanize/q2/week5/q2_project/QuakeBook/routes/user.js
FNF:0
FNH:0
DA:3,1
DA:4,1
DA:5,1
DA:6,1
DA:40,1
DA:41,1
DA:42,1
DA:43,1
DA:44,1
DA:46,1
DA:48,1
DA:49,0
DA:50,0
DA:52,1
DA:53,1
DA:56,0
DA:89,1
DA:91,1
DA:92,1
DA:93,1
DA:94,1
DA:96,1
DA:98,1
DA:99,0
DA:100,0
DA:102,1
DA:103,1
DA:106,0
DA:110,1
LF:29
LH:23
BRDA:48,1,0,0
BRDA:48,1,1,1
BRDA:98,2,0,0
BRDA:98,2,1,1
BRF:4
BRH:2
end_of_record
TN:
SF:/Users/sandeepsabu/galvanize/q2/week5/q2_project/QuakeBook/controllers/user_repository.js
FN:8,(anonymous_1)
FN:14,(anonymous_2)
FNF:2
FNH:2
FNDA:2,(anonymous_1)
FNDA:2,(anonymous_2)
DA:1,1
DA:9,2
DA:15,2
DA:20,1
LF:4
LH:4
BRF:0
BRH:0
end_of_record
TN:
SF:/Users/sandeepsabu/galvanize/q2/week5/q2_project/QuakeBook/routes/profile.js
FNF:0
FNH:0
DA:3,1
DA:4,1
DA:5,1
DA:6,1
DA:7,1
DA:8,1
DA:9,1
DA:10,1
DA:35,1
DA:36,16
DA:37,16
DA:38,16
DA:39,16
DA:41,16
DA:43,16
DA:44,0
DA:45,0
DA:46,0
DA:48,16
DA:49,16
DA:53,16
DA:54,0
DA:55,0
DA:56,0
DA:58,16
DA:66,16
DA:68,16
DA:69,16
DA:70,16
DA:71,16
DA:74,0
DA:75,0
DA:76,0
DA:107,1
DA:108,1
DA:110,1
DA:112,1
DA:114,1
DA:115,0
DA:116,0
DA:117,0
DA:119,1
DA:120,1
DA:123,0
DA:152,1
DA:154,1
DA:156,1
DA:157,0
DA:158,0
DA:159,0
DA:162,1
DA:166,1
DA:168,1
DA:169,1
DA:172,1
DA:173,0
DA:174,0
DA:175,0
DA:177,1
DA:180,0
DA:212,1
DA:214,1
DA:215,0
DA:216,0
DA:217,0
DA:220,1
DA:221,1
DA:222,0
DA:224,1
DA:225,1
DA:227,1
DA:228,0
DA:231,1
DA:232,1
DA:233,0
DA:235,1
DA:236,1
DA:238,1
DA:240,1
DA:241,0
DA:243,1
DA:246,1
DA:247,0
DA:248,0
DA:249,0
DA:251,1
DA:254,0
DA:286,1
DA:287,1
DA:288,1
DA:290,1
DA:292,1
DA:293,0
DA:294,0
DA:295,0
DA:297,1
DA:298,1
DA:301,0
DA:348,1
DA:349,1
DA:350,1
DA:352,1
DA:354,1
DA:355,0
DA:356,0
DA:357,0
DA:360,1
DA:363,0
DA:391,1
DA:392,1
DA:393,1
DA:395,1
DA:397,1
DA:398,0
DA:399,0
DA:400,0
DA:402,1
DA:405,0
DA:431,1
DA:432,1
DA:433,1
DA:434,1
DA:436,1
DA:438,1
DA:439,0
DA:440,0
DA:441,0
DA:443,1
DA:444,1
DA:447,0
DA:484,1
DA:485,1
DA:486,1
DA:488,1
DA:490,1
DA:491,0
DA:492,0
DA:493,0
DA:496,1
DA:499,0
DA:533,1
DA:534,1
DA:535,1
DA:538,1
DA:539,0
DA:540,0
DA:541,0
DA:544,1
DA:548,1
DA:550,1
DA:551,0
DA:552,0
DA:553,0
DA:556,1
DA:559,0
DA:595,1
DA:596,1
DA:597,1
DA:598,1
DA:601,1
DA:603,1
DA:604,0
DA:605,0
DA:606,0
DA:608,1
DA:609,1
DA:612,0
DA:646,1
DA:647,1
DA:648,1
DA:650,1
DA:652,1
DA:653,0
DA:654,0
DA:655,0
DA:658,1
DA:661,0
DA:690,1
DA:691,1
DA:692,1
DA:694,1
DA:696,1
DA:697,0
DA:698,0
DA:699,0
DA:701,1
DA:704,0
DA:732,1
DA:733,1
DA:734,1
DA:735,1
DA:738,1
DA:740,1
DA:741,0
DA:742,0
DA:743,0
DA:745,1
DA:746,1
DA:749,0
DA:786,1
DA:787,1
DA:788,1
DA:790,1
DA:792,1
DA:793,0
DA:794,0
DA:795,0
DA:798,1
DA:801,0
DA:843,1
DA:844,1
DA:845,1
DA:847,1
DA:848,0
DA:849,0
DA:850,0
DA:853,1
DA:859,1
DA:861,1
DA:862,0
DA:863,0
DA:864,0
DA:866,1
DA:869,0
DA:906,1
DA:907,1
DA:908,1
DA:909,1
DA:912,1
DA:914,1
DA:915,0
DA:916,0
DA:917,0
DA:919,1
DA:920,1
DA:923,0
DA:936,1
LF:237
LH:148
BRDA:43,1,0,0
BRDA:43,1,1,16
BRDA:53,2,0,0
BRDA:53,2,1,16
BRDA:114,3,0,0
BRDA:114,3,1,1
BRDA:156,4,0,0
BRDA:156,4,1,1
BRDA:156,5,0,1
BRDA:156,5,1,1
BRDA:156,5,2,1
BRDA:156,5,3,1
BRDA:156,5,4,1
BRDA:172,6,0,0
BRDA:172,6,1,1
BRDA:214,7,0,0
BRDA:214,7,1,1
BRDA:214,8,0,1
BRDA:214,8,1,1
BRDA:214,8,2,1
BRDA:214,8,3,0
BRDA:214,8,4,0
BRDA:221,9,0,0
BRDA:221,9,1,1
BRDA:224,10,0,1
BRDA:224,10,1,0
BRDA:227,11,0,0
BRDA:227,11,1,1
BRDA:232,12,0,0
BRDA:232,12,1,1
BRDA:240,13,0,0
BRDA:240,13,1,1
BRDA:246,14,0,0
BRDA:246,14,1,1
BRDA:292,15,0,0
BRDA:292,15,1,1
BRDA:354,16,0,0
BRDA:354,16,1,1
BRDA:354,17,0,1
BRDA:354,17,1,1
BRDA:397,18,0,0
BRDA:397,18,1,1
BRDA:438,19,0,0
BRDA:438,19,1,1
BRDA:490,20,0,0
BRDA:490,20,1,1
BRDA:490,21,0,1
BRDA:490,21,1,1
BRDA:538,22,0,0
BRDA:538,22,1,1
BRDA:538,23,0,1
BRDA:538,23,1,1
BRDA:538,23,2,1
BRDA:538,23,3,1
BRDA:550,24,0,0
BRDA:550,24,1,1
BRDA:603,25,0,0
BRDA:603,25,1,1
BRDA:652,26,0,0
BRDA:652,26,1,1
BRDA:652,27,0,1
BRDA:652,27,1,1
BRDA:696,28,0,0
BRDA:696,28,1,1
BRDA:740,29,0,0
BRDA:740,29,1,1
BRDA:792,30,0,0
BRDA:792,30,1,1
BRDA:792,31,0,1
BRDA:792,31,1,1
BRDA:847,32,0,0
BRDA:847,32,1,1
BRDA:847,33,0,1
BRDA:847,33,1,1
BRDA:847,33,2,1
BRDA:847,33,3,1
BRDA:847,33,4,1
BRDA:847,33,5,1
BRDA:861,34,0,0
BRDA:861,34,1,1
BRDA:914,35,0,0
BRDA:914,35,1,1
BRF:82
BRH:53
end_of_record
TN:
SF:/Users/sandeepsabu/galvanize/q2/week5/q2_project/QuakeBook/routes/helpers.js
FN:4,(anonymous_1)
FN:12,(anonymous_2)
FNF:2
FNH:2
FNDA:15,(anonymous_1)
FNDA:15,(anonymous_2)
DA:1,1
DA:3,1
DA:5,15
DA:6,15
DA:7,15
DA:9,0
DA:10,0
DA:13,15
DA:15,15
DA:16,15
DA:17,15
DA:19,0
DA:20,0
LF:13
LH:9
BRDA:5,1,0,15
BRDA:5,1,1,0
BRDA:15,2,0,15
BRDA:15,2,1,0
BRF:4
BRH:2
end_of_record
TN:
SF:/Users/sandeepsabu/galvanize/q2/week5/q2_project/QuakeBook/controllers/profile_repository.js
FN:9,(anonymous_1)
FN:15,(anonymous_2)
FN:22,(anonymous_3)
FN:28,(anonymous_4)
FN:37,(anonymous_5)
FN:49,(anonymous_6)
FN:55,(anonymous_7)
FN:61,(anonymous_8)
FN:70,(anonymous_9)
FN:76,(anonymous_10)
FN:83,(anonymous_11)
FN:92,(anonymous_12)
FN:98,(anonymous_13)
FN:104,(anonymous_14)
FN:113,(anonymous_15)
FN:119,(anonymous_16)
FN:126,(anonymous_17)
FNF:17
FNH:17
FNDA:2,(anonymous_1)
FNDA:16,(anonymous_2)
FNDA:2,(anonymous_3)
FNDA:2,(anonymous_4)
FNDA:2,(anonymous_5)
FNDA:2,(anonymous_6)
FNDA:2,(anonymous_7)
FNDA:2,(anonymous_8)
FNDA:2,(anonymous_9)
FNDA:2,(anonymous_10)
FNDA:2,(anonymous_11)
FNDA:2,(anonymous_12)
FNDA:2,(anonymous_13)
FNDA:2,(anonymous_14)
FNDA:2,(anonymous_15)
FNDA:2,(anonymous_16)
FNDA:2,(anonymous_17)
DA:1,1
DA:2,1
DA:3,1
DA:10,2
DA:17,16
DA:23,2
DA:29,2
DA:38,2
DA:50,2
DA:56,2
DA:62,2
DA:71,2
DA:77,2
DA:78,2
DA:84,2
DA:93,2
DA:99,2
DA:105,2
DA:114,2
DA:120,2
DA:121,2
DA:127,2
DA:136,1
LF:23
LH:23
BRF:0
BRH:0
end_of_record
TN:
SF:/Users/sandeepsabu/galvanize/q2/week5/q2_project/QuakeBook/db/migrations/20170623083837_earthquakes.js
FN:2,(anonymous_1)
FN:19,(anonymous_2)
FNF:2
FNH:2
FNDA:54,(anonymous_1)
FNDA:54,(anonymous_2)
DA:2,1
DA:3,54
DA:4,54
DA:5,54
DA:6,54
DA:7,54
DA:8,54
DA:9,54
DA:10,54
DA:11,54
DA:12,54
DA:13,54
DA:19,1
DA:20,54
LF:14
LH:14
BRF:0
BRH:0
end_of_record
TN:
SF:/Users/sandeepsabu/galvanize/q2/week5/q2_project/QuakeBook/db/migrations/20170623084959_users.js
FN:2,(anonymous_1)
FN:12,(anonymous_2)
FNF:2
FNH:2
FNDA:54,(anonymous_1)
FNDA:54,(anonymous_2)
DA:2,1
DA:3,54
DA:4,54
DA:5,54
DA:6,54
DA:7,54
DA:8,54
DA:12,1
DA:13,54
LF:9
LH:9
BRF:0
BRH:0
end_of_record
TN:
SF:/Users/sandeepsabu/galvanize/q2/week5/q2_project/QuakeBook/db/migrations/20170623105520_friends.js
FN:2,(anonymous_1)
FN:9,(anonymous_2)
FNF:2
FNH:2
FNDA:54,(anonymous_1)
FNDA:54,(anonymous_2)
DA:2,1
DA:3,54
DA:4,54
DA:5,54
DA:9,1
DA:10,54
LF:6
LH:6
BRF:0
BRH:0
end_of_record
TN:
SF:/Users/sandeepsabu/galvanize/q2/week5/q2_project/QuakeBook/db/migrations/20170623105857_saved_earthquakes.js
FN:2,(anonymous_1)
FN:9,(anonymous_2)
FNF:2
FNH:2
FNDA:54,(anonymous_1)
FNDA:54,(anonymous_2)
DA:2,1
DA:3,54
DA:4,54
DA:5,54
DA:9,1
DA:10,54
LF:6
LH:6
BRF:0
BRH:0
end_of_record
TN:
SF:/Users/sandeepsabu/galvanize/q2/week5/q2_project/QuakeBook/db/migrations/20170623110025_points_of_interest.js
FN:2,(anonymous_1)
FN:14,(anonymous_2)
FNF:2
FNH:2
FNDA:54,(anonymous_1)
FNDA:54,(anonymous_2)
DA:2,1
DA:3,54
DA:4,54
DA:5,54
DA:6,54
DA:7,54
DA:8,54
DA:9,54
DA:10,54
DA:14,1
DA:15,54
LF:11
LH:11
BRF:0
BRH:0
end_of_record
TN:
SF:/Users/sandeepsabu/galvanize/q2/week5/q2_project/QuakeBook/db/migrations/20170623110509_notes.js
FN:2,(anonymous_1)
FN:13,(anonymous_2)
FNF:2
FNH:2
FNDA:54,(anonymous_1)
FNDA:54,(anonymous_2)
DA:2,1
DA:3,54
DA:4,54
DA:5,54
DA:6,54
DA:7,54
DA:8,54
DA:9,54
DA:13,1
DA:14,54
LF:10
LH:10
BRF:0
BRH:0
end_of_record
TN:
SF:/Users/sandeepsabu/galvanize/q2/week5/q2_project/QuakeBook/db/seeds/00_earthquakes.js
FN:1,(anonymous_1)
FN:4,(anonymous_2)
FN:30,(anonymous_3)
FNF:3
FNH:3
FNDA:54,(anonymous_1)
FNDA:54,(anonymous_2)
FNDA:54,(anonymous_3)
DA:1,1
DA:3,54
DA:6,54
DA:31,54
LF:4
LH:4
BRF:0
BRH:0
end_of_record
TN:
SF:/Users/sandeepsabu/galvanize/q2/week5/q2_project/QuakeBook/db/seeds/01_users.js
FN:1,(anonymous_1)
FN:29,(anonymous_2)
FNF:2
FNH:2
FNDA:54,(anonymous_1)
FNDA:54,(anonymous_2)
DA:1,1
DA:3,54
DA:6,54
DA:30,54
LF:4
LH:4
BRF:0
BRH:0
end_of_record
TN:
SF:/Users/sandeepsabu/galvanize/q2/week5/q2_project/QuakeBook/db/seeds/02_friends.js
FN:1,(anonymous_1)
FNF:1
FNH:1
FNDA:54,(anonymous_1)
DA:1,1
DA:3,54
DA:6,54
LF:3
LH:3
BRF:0
BRH:0
end_of_record
TN:
SF:/Users/sandeepsabu/galvanize/q2/week5/q2_project/QuakeBook/db/seeds/03_saved_earthquakes.js
FN:1,(anonymous_1)
FNF:1
FNH:1
FNDA:54,(anonymous_1)
DA:1,1
DA:3,54
DA:6,54
LF:3
LH:3
BRF:0
BRH:0
end_of_record
TN:
SF:/Users/sandeepsabu/galvanize/q2/week5/q2_project/QuakeBook/db/seeds/04_points_of_interest.js
FN:1,(anonymous_1)
FN:71,(anonymous_2)
FNF:2
FNH:2
FNDA:54,(anonymous_1)
FNDA:54,(anonymous_2)
DA:1,1
DA:3,54
DA:6,54
DA:72,54
LF:4
LH:4
BRF:0
BRH:0
end_of_record
TN:
SF:/Users/sandeepsabu/galvanize/q2/week5/q2_project/QuakeBook/db/seeds/05_notes.js
FN:1,(anonymous_1)
FN:29,(anonymous_2)
FNF:2
FNH:2
FNDA:54,(anonymous_1)
FNDA:54,(anonymous_2)
DA:1,1
DA:3,54
DA:6,54
DA:30,54
LF:4
LH:4
BRF:0
BRH:0
end_of_record
