TN:
SF:/Users/sandeepsabu/galvanize/q2/week5/q2_project/QuakeBook/knex.js
FNF:0
FNH:0
DA:3,1
DA:4,1
DA:5,1
DA:7,1
LF:4
LH:4
BRDA:3,1,0,1
BRDA:3,1,1,0
BRF:2
BRH:1
end_of_record
TN:
SF:/Users/sandeepsabu/galvanize/q2/week5/q2_project/QuakeBook/knexfile.js
FNF:0
FNH:0
DA:3,1
LF:1
LH:1
BRF:0
BRH:0
end_of_record
TN:
SF:/Users/sandeepsabu/galvanize/q2/week5/q2_project/QuakeBook/controllers/earthquake_repository.js
FN:7,(anonymous_1)
FN:14,(anonymous_2)
FN:21,(anonymous_3)
FNF:3
FNH:3
FNDA:3,(anonymous_1)
FNDA:2,(anonymous_2)
FNDA:3,(anonymous_3)
DA:1,1
DA:8,3
DA:15,2
DA:22,3
DA:28,1
LF:5
LH:5
BRF:0
BRH:0
end_of_record
TN:
SF:/Users/sandeepsabu/galvanize/q2/week5/q2_project/QuakeBook/server.js
FNF:0
FNH:0
DA:1,1
DA:2,1
DA:5,1
DA:6,1
DA:7,1
DA:8,1
DA:9,1
DA:10,1
DA:11,1
DA:12,1
DA:14,1
DA:16,1
DA:17,1
DA:19,1
DA:20,1
DA:21,1
DA:22,1
DA:24,1
DA:25,0
DA:28,1
DA:29,1
DA:32,1
LF:22
LH:21
BRDA:1,1,0,1
BRDA:1,1,1,0
BRDA:14,2,0,1
BRDA:14,2,1,1
BRF:4
BRH:3
end_of_record
TN:
SF:/Users/sandeepsabu/galvanize/q2/week5/q2_project/QuakeBook/routes/earthquake.js
FNF:0
FNH:0
DA:3,1
DA:4,1
DA:5,1
DA:6,1
DA:41,1
DA:42,2
DA:43,2
DA:44,2
DA:46,2
DA:48,2
DA:49,1
DA:50,1
DA:52,1
DA:53,1
DA:56,0
DA:102,1
DA:103,2
DA:104,2
DA:105,2
DA:106,2
DA:109,2
DA:110,1
DA:111,1
DA:113,1
DA:114,1
DA:117,0
DA:155,1
DA:157,2
DA:159,2
DA:160,1
DA:161,1
DA:162,1
DA:165,1
DA:175,1
DA:177,1
DA:179,1
DA:180,1
DA:183,0
DA:187,1
LF:39
LH:36
BRDA:48,1,0,1
BRDA:48,1,1,1
BRDA:48,2,0,2
BRDA:48,2,1,2
BRDA:109,3,0,1
BRDA:109,3,1,1
BRDA:159,4,0,1
BRDA:159,4,1,1
BRDA:159,5,0,2
BRDA:159,5,1,2
BRDA:159,5,2,2
BRDA:159,5,3,2
BRDA:159,5,4,1
BRDA:159,5,5,1
BRDA:159,5,6,1
BRDA:159,5,7,1
BRDA:159,5,8,1
BRDA:159,5,9,1
BRF:18
BRH:18
end_of_record
TN:
SF:/Users/sandeepsabu/galvanize/q2/week5/q2_project/QuakeBook/routes/earthquakes.js
FN:140,shapeData
FNF:1
FNH:1
FNDA:3,shapeData
DA:3,1
DA:4,1
DA:5,1
DA:50,1
DA:51,1
DA:52,1
DA:54,1
DA:55,1
DA:58,0
DA:59,0
DA:114,1
DA:115,1
DA:116,1
DA:118,1
DA:119,0
DA:122,1
DA:124,1
DA:126,1
DA:129,1
DA:130,2
DA:132,1
DA:135,0
DA:140,1
DA:142,3
DA:144,3
DA:145,3
DA:146,3
DA:147,3
DA:148,3
DA:149,3
DA:150,3
DA:151,3
DA:152,3
DA:154,3
DA:157,1
LF:35
LH:31
BRDA:118,1,0,0
BRDA:118,1,1,1
BRF:2
BRH:1
end_of_record
TN:
SF:/Users/sandeepsabu/galvanize/q2/week5/q2_project/QuakeBook/controllers/earthquakes_repository.js
FN:7,(anonymous_1)
FN:18,(anonymous_2)
FNF:2
FNH:2
FNDA:1,(anonymous_1)
FNDA:1,(anonymous_2)
DA:1,1
DA:2,1
DA:8,1
DA:9,1
DA:11,1
DA:14,0
DA:19,1
DA:22,1
DA:23,7
DA:26,1
DA:31,1
LF:11
LH:10
BRF:0
BRH:0
end_of_record
TN:
SF:/Users/sandeepsabu/galvanize/q2/week5/q2_project/QuakeBook/routes/user.js
FNF:0
FNH:0
DA:3,1
DA:4,1
DA:5,1
DA:6,1
DA:40,1
DA:41,2
DA:42,2
DA:43,2
DA:44,2
DA:46,2
DA:48,2
DA:49,1
DA:50,1
DA:52,1
DA:53,1
DA:56,0
DA:89,1
DA:91,2
DA:92,2
DA:93,2
DA:94,2
DA:96,2
DA:98,2
DA:99,1
DA:100,1
DA:102,1
DA:103,1
DA:106,0
DA:110,1
LF:29
LH:27
BRDA:48,1,0,1
BRDA:48,1,1,1
BRDA:48,2,0,2
BRDA:48,2,1,2
BRDA:98,3,0,1
BRDA:98,3,1,1
BRF:6
BRH:6
end_of_record
TN:
SF:/Users/sandeepsabu/galvanize/q2/week5/q2_project/QuakeBook/controllers/user_repository.js
FN:8,(anonymous_1)
FN:14,(anonymous_2)
FNF:2
FNH:2
FNDA:3,(anonymous_1)
FNDA:3,(anonymous_2)
DA:1,1
DA:9,3
DA:15,3
DA:20,1
LF:4
LH:4
BRF:0
BRH:0
end_of_record
TN:
SF:/Users/sandeepsabu/galvanize/q2/week5/q2_project/QuakeBook/routes/profile.js
FNF:0
FNH:0
DA:3,1
DA:4,1
DA:5,1
DA:6,1
DA:7,1
DA:8,1
DA:9,1
DA:10,1
DA:35,1
DA:36,24
DA:37,24
DA:38,24
DA:39,24
DA:41,24
DA:43,24
DA:44,0
DA:45,0
DA:46,0
DA:48,24
DA:49,24
DA:53,24
DA:54,0
DA:55,0
DA:56,0
DA:58,24
DA:66,24
DA:68,24
DA:69,24
DA:70,24
DA:71,24
DA:74,0
DA:75,0
DA:76,0
DA:107,1
DA:108,1
DA:109,1
DA:111,1
DA:113,1
DA:114,0
DA:115,0
DA:116,0
DA:118,1
DA:119,1
DA:122,0
DA:151,1
DA:153,2
DA:155,2
DA:156,1
DA:157,1
DA:158,1
DA:161,1
DA:165,1
DA:167,1
DA:168,1
DA:171,1
DA:172,0
DA:173,0
DA:174,0
DA:176,1
DA:179,0
DA:211,1
DA:213,2
DA:214,1
DA:215,1
DA:216,1
DA:219,1
DA:220,1
DA:221,0
DA:223,1
DA:224,1
DA:226,1
DA:227,0
DA:230,1
DA:231,1
DA:232,0
DA:234,1
DA:235,1
DA:237,1
DA:239,1
DA:240,0
DA:242,1
DA:245,1
DA:246,0
DA:247,0
DA:248,0
DA:250,1
DA:253,0
DA:285,1
DA:286,1
DA:287,1
DA:289,1
DA:291,1
DA:292,0
DA:293,0
DA:294,0
DA:296,1
DA:297,1
DA:300,0
DA:347,1
DA:348,1
DA:349,1
DA:351,1
DA:353,1
DA:354,0
DA:355,0
DA:356,0
DA:359,1
DA:362,0
DA:390,1
DA:391,1
DA:392,1
DA:394,1
DA:396,1
DA:397,0
DA:398,0
DA:399,0
DA:401,1
DA:404,0
DA:430,1
DA:431,2
DA:432,2
DA:433,2
DA:435,2
DA:437,2
DA:438,1
DA:439,1
DA:440,1
DA:441,1
DA:442,1
DA:443,1
DA:447,0
DA:484,1
DA:485,1
DA:486,1
DA:488,1
DA:490,1
DA:491,0
DA:492,0
DA:493,0
DA:496,1
DA:499,0
DA:533,1
DA:534,2
DA:535,2
DA:538,2
DA:539,1
DA:540,1
DA:541,1
DA:544,1
DA:548,1
DA:550,1
DA:551,0
DA:552,0
DA:553,0
DA:556,1
DA:559,0
DA:595,1
DA:596,2
DA:597,2
DA:598,2
DA:601,2
DA:603,2
DA:604,1
DA:605,1
DA:606,1
DA:608,1
DA:609,1
DA:613,0
DA:647,1
DA:648,1
DA:649,1
DA:651,1
DA:653,1
DA:654,0
DA:655,0
DA:656,0
DA:659,1
DA:662,0
DA:691,1
DA:692,1
DA:693,1
DA:695,1
DA:697,1
DA:698,0
DA:699,0
DA:700,0
DA:702,1
DA:705,0
DA:733,1
DA:734,2
DA:735,2
DA:736,2
DA:739,2
DA:741,2
DA:742,1
DA:743,1
DA:744,1
DA:746,1
DA:747,1
DA:751,0
DA:788,1
DA:789,1
DA:790,1
DA:792,1
DA:794,1
DA:795,0
DA:796,0
DA:797,0
DA:800,1
DA:803,0
DA:845,1
DA:846,2
DA:847,2
DA:849,2
DA:850,1
DA:851,1
DA:852,1
DA:855,1
DA:861,1
DA:863,1
DA:864,0
DA:865,0
DA:866,0
DA:868,1
DA:872,0
DA:909,1
DA:910,2
DA:911,2
DA:912,2
DA:915,2
DA:917,2
DA:918,1
DA:919,1
DA:920,1
DA:922,1
DA:923,1
DA:927,0
DA:940,1
LF:238
LH:173
BRDA:43,1,0,0
BRDA:43,1,1,24
BRDA:53,2,0,0
BRDA:53,2,1,24
BRDA:113,3,0,0
BRDA:113,3,1,1
BRDA:155,4,0,1
BRDA:155,4,1,1
BRDA:155,5,0,2
BRDA:155,5,1,2
BRDA:155,5,2,2
BRDA:155,5,3,2
BRDA:155,5,4,1
BRDA:171,6,0,0
BRDA:171,6,1,1
BRDA:213,7,0,1
BRDA:213,7,1,1
BRDA:213,8,0,2
BRDA:213,8,1,2
BRDA:213,8,2,2
BRDA:213,8,3,1
BRDA:213,8,4,1
BRDA:220,9,0,0
BRDA:220,9,1,1
BRDA:223,10,0,1
BRDA:223,10,1,0
BRDA:226,11,0,0
BRDA:226,11,1,1
BRDA:231,12,0,0
BRDA:231,12,1,1
BRDA:239,13,0,0
BRDA:239,13,1,1
BRDA:245,14,0,0
BRDA:245,14,1,1
BRDA:291,15,0,0
BRDA:291,15,1,1
BRDA:353,16,0,0
BRDA:353,16,1,1
BRDA:353,17,0,1
BRDA:353,17,1,1
BRDA:396,18,0,0
BRDA:396,18,1,1
BRDA:437,19,0,1
BRDA:437,19,1,1
BRDA:440,20,0,1
BRDA:440,20,1,0
BRDA:490,21,0,0
BRDA:490,21,1,1
BRDA:490,22,0,1
BRDA:490,22,1,1
BRDA:538,23,0,1
BRDA:538,23,1,1
BRDA:538,24,0,2
BRDA:538,24,1,2
BRDA:538,24,2,2
BRDA:538,24,3,2
BRDA:550,25,0,0
BRDA:550,25,1,1
BRDA:603,26,0,1
BRDA:603,26,1,1
BRDA:653,27,0,0
BRDA:653,27,1,1
BRDA:653,28,0,1
BRDA:653,28,1,1
BRDA:697,29,0,0
BRDA:697,29,1,1
BRDA:741,30,0,1
BRDA:741,30,1,1
BRDA:794,31,0,0
BRDA:794,31,1,1
BRDA:794,32,0,1
BRDA:794,32,1,1
BRDA:849,33,0,1
BRDA:849,33,1,1
BRDA:849,34,0,2
BRDA:849,34,1,2
BRDA:849,34,2,2
BRDA:849,34,3,2
BRDA:849,34,4,2
BRDA:849,34,5,2
BRDA:863,35,0,0
BRDA:863,35,1,1
BRDA:917,36,0,1
BRDA:917,36,1,1
BRF:84
BRH:64
end_of_record
TN:
SF:/Users/sandeepsabu/galvanize/q2/week5/q2_project/QuakeBook/routes/helpers.js
FN:4,(anonymous_1)
FN:12,(anonymous_2)
FNF:2
FNH:2
FNDA:24,(anonymous_1)
FNDA:23,(anonymous_2)
DA:1,1
DA:3,1
DA:5,24
DA:6,23
DA:7,23
DA:9,1
DA:10,1
DA:13,23
DA:15,23
DA:16,22
DA:17,22
DA:19,1
LF:12
LH:12
BRDA:5,1,0,23
BRDA:5,1,1,1
BRDA:15,2,0,22
BRDA:15,2,1,1
BRF:4
BRH:4
end_of_record
TN:
SF:/Users/sandeepsabu/galvanize/q2/week5/q2_project/QuakeBook/controllers/profile_repository.js
FN:9,(anonymous_1)
FN:15,(anonymous_2)
FN:22,(anonymous_3)
FN:28,(anonymous_4)
FN:37,(anonymous_5)
FN:49,(anonymous_6)
FN:55,(anonymous_7)
FN:61,(anonymous_8)
FN:70,(anonymous_9)
FN:76,(anonymous_10)
FN:83,(anonymous_11)
FN:92,(anonymous_12)
FN:98,(anonymous_13)
FN:104,(anonymous_14)
FN:113,(anonymous_15)
FN:119,(anonymous_16)
FN:126,(anonymous_17)
FNF:17
FNH:17
FNDA:2,(anonymous_1)
FNDA:24,(anonymous_2)
FNDA:2,(anonymous_3)
FNDA:2,(anonymous_4)
FNDA:2,(anonymous_5)
FNDA:2,(anonymous_6)
FNDA:2,(anonymous_7)
FNDA:3,(anonymous_8)
FNDA:2,(anonymous_9)
FNDA:2,(anonymous_10)
FNDA:3,(anonymous_11)
FNDA:2,(anonymous_12)
FNDA:2,(anonymous_13)
FNDA:3,(anonymous_14)
FNDA:2,(anonymous_15)
FNDA:2,(anonymous_16)
FNDA:3,(anonymous_17)
DA:1,1
DA:2,1
DA:3,1
DA:10,2
DA:17,24
DA:23,2
DA:29,2
DA:38,2
DA:50,2
DA:56,2
DA:62,3
DA:71,2
DA:77,2
DA:78,2
DA:84,3
DA:93,2
DA:99,2
DA:105,3
DA:114,2
DA:120,2
DA:121,2
DA:127,3
DA:136,1
LF:23
LH:23
BRF:0
BRH:0
end_of_record
TN:
SF:/Users/sandeepsabu/galvanize/q2/week5/q2_project/QuakeBook/db/migrations/20170623083837_earthquakes.js
FN:2,(anonymous_1)
FN:19,(anonymous_2)
FNF:2
FNH:2
FNDA:71,(anonymous_1)
FNDA:71,(anonymous_2)
DA:2,1
DA:3,71
DA:4,71
DA:5,71
DA:6,71
DA:7,71
DA:8,71
DA:9,71
DA:10,71
DA:11,71
DA:12,71
DA:13,71
DA:19,1
DA:20,71
LF:14
LH:14
BRF:0
BRH:0
end_of_record
TN:
SF:/Users/sandeepsabu/galvanize/q2/week5/q2_project/QuakeBook/db/migrations/20170623084959_users.js
FN:2,(anonymous_1)
FN:12,(anonymous_2)
FNF:2
FNH:2
FNDA:71,(anonymous_1)
FNDA:71,(anonymous_2)
DA:2,1
DA:3,71
DA:4,71
DA:5,71
DA:6,71
DA:7,71
DA:8,71
DA:12,1
DA:13,71
LF:9
LH:9
BRF:0
BRH:0
end_of_record
TN:
SF:/Users/sandeepsabu/galvanize/q2/week5/q2_project/QuakeBook/db/migrations/20170623105520_friends.js
FN:2,(anonymous_1)
FN:9,(anonymous_2)
FNF:2
FNH:2
FNDA:71,(anonymous_1)
FNDA:71,(anonymous_2)
DA:2,1
DA:3,71
DA:4,71
DA:5,71
DA:9,1
DA:10,71
LF:6
LH:6
BRF:0
BRH:0
end_of_record
TN:
SF:/Users/sandeepsabu/galvanize/q2/week5/q2_project/QuakeBook/db/migrations/20170623105857_saved_earthquakes.js
FN:2,(anonymous_1)
FN:9,(anonymous_2)
FNF:2
FNH:2
FNDA:71,(anonymous_1)
FNDA:71,(anonymous_2)
DA:2,1
DA:3,71
DA:4,71
DA:5,71
DA:9,1
DA:10,71
LF:6
LH:6
BRF:0
BRH:0
end_of_record
TN:
SF:/Users/sandeepsabu/galvanize/q2/week5/q2_project/QuakeBook/db/migrations/20170623110025_points_of_interest.js
FN:2,(anonymous_1)
FN:14,(anonymous_2)
FNF:2
FNH:2
FNDA:71,(anonymous_1)
FNDA:71,(anonymous_2)
DA:2,1
DA:3,71
DA:4,71
DA:5,71
DA:6,71
DA:7,71
DA:8,71
DA:9,71
DA:10,71
DA:14,1
DA:15,71
LF:11
LH:11
BRF:0
BRH:0
end_of_record
TN:
SF:/Users/sandeepsabu/galvanize/q2/week5/q2_project/QuakeBook/db/migrations/20170623110509_notes.js
FN:2,(anonymous_1)
FN:13,(anonymous_2)
FNF:2
FNH:2
FNDA:71,(anonymous_1)
FNDA:71,(anonymous_2)
DA:2,1
DA:3,71
DA:4,71
DA:5,71
DA:6,71
DA:7,71
DA:8,71
DA:9,71
DA:13,1
DA:14,71
LF:10
LH:10
BRF:0
BRH:0
end_of_record
TN:
SF:/Users/sandeepsabu/galvanize/q2/week5/q2_project/QuakeBook/db/seeds/00_earthquakes.js
FN:1,(anonymous_1)
FN:4,(anonymous_2)
FN:30,(anonymous_3)
FNF:3
FNH:3
FNDA:71,(anonymous_1)
FNDA:71,(anonymous_2)
FNDA:71,(anonymous_3)
DA:1,1
DA:3,71
DA:6,71
DA:31,71
LF:4
LH:4
BRF:0
BRH:0
end_of_record
TN:
SF:/Users/sandeepsabu/galvanize/q2/week5/q2_project/QuakeBook/db/seeds/01_users.js
FN:1,(anonymous_1)
FN:29,(anonymous_2)
FNF:2
FNH:2
FNDA:71,(anonymous_1)
FNDA:71,(anonymous_2)
DA:1,1
DA:3,71
DA:6,71
DA:30,71
LF:4
LH:4
BRF:0
BRH:0
end_of_record
TN:
SF:/Users/sandeepsabu/galvanize/q2/week5/q2_project/QuakeBook/db/seeds/02_friends.js
FN:1,(anonymous_1)
FNF:1
FNH:1
FNDA:71,(anonymous_1)
DA:1,1
DA:3,71
DA:6,71
LF:3
LH:3
BRF:0
BRH:0
end_of_record
TN:
SF:/Users/sandeepsabu/galvanize/q2/week5/q2_project/QuakeBook/db/seeds/03_saved_earthquakes.js
FN:1,(anonymous_1)
FNF:1
FNH:1
FNDA:71,(anonymous_1)
DA:1,1
DA:3,71
DA:6,71
LF:3
LH:3
BRF:0
BRH:0
end_of_record
TN:
SF:/Users/sandeepsabu/galvanize/q2/week5/q2_project/QuakeBook/db/seeds/04_points_of_interest.js
FN:1,(anonymous_1)
FN:71,(anonymous_2)
FNF:2
FNH:2
FNDA:71,(anonymous_1)
FNDA:71,(anonymous_2)
DA:1,1
DA:3,71
DA:6,71
DA:72,71
LF:4
LH:4
BRF:0
BRH:0
end_of_record
TN:
SF:/Users/sandeepsabu/galvanize/q2/week5/q2_project/QuakeBook/db/seeds/05_notes.js
FN:1,(anonymous_1)
FN:29,(anonymous_2)
FNF:2
FNH:2
FNDA:71,(anonymous_1)
FNDA:71,(anonymous_2)
DA:1,1
DA:3,71
DA:6,71
DA:30,71
LF:4
LH:4
BRF:0
BRH:0
end_of_record
